#
# A fatal error has been detected by the Java Runtime Environment:
#
#  SIGSEGV (0xb) at pc=0x00007f239fd0a691, pid=3142, tid=3192
#
# JRE version: OpenJDK Runtime Environment (17.0.9+9) (build 17.0.9+9-Ubuntu-122.04)
# Java VM: OpenJDK 64-Bit Server VM (17.0.9+9-Ubuntu-122.04, mixed mode, sharing, tiered, compressed oops, compressed class ptrs, g1 gc, linux-amd64)
# Problematic frame:
# V  [libjvm.so+0x745691]  G1ParScanThreadState::trim_queue_to_threshold(unsigned int)+0x14f1
#
# No core dump will be written. Core dumps have been disabled. To enable core dumping, try "ulimit -c unlimited" before starting Java again
#
# If you would like to submit a bug report, please visit:
#   Unknown
#

---------------  S U M M A R Y ------------

Command Line: target/imageEffectApplication-0.0.1-SNAPSHOT.jar

Host: 12th Gen Intel(R) Core(TM) i7-12700H, 20 cores, 7G, Ubuntu 22.04.3 LTS
Time: Sun Dec  3 01:57:29 2023 IST elapsed time: 42.410708 seconds (0d 0h 0m 42s)

---------------  T H R E A D  ---------------

Current thread (0x00007f2318012ca0):  GCTaskThread "GC Thread#7" [stack: 0x00007f236ddff000,0x00007f236deff000] [id=3192]

Stack: [0x00007f236ddff000,0x00007f236deff000],  sp=0x00007f236defda40,  free space=1018k
Native frames: (J=compiled Java code, j=interpreted, Vv=VM code, C=native code)
V  [libjvm.so+0x745691]  G1ParScanThreadState::trim_queue_to_threshold(unsigned int)+0x14f1
V  [libjvm.so+0x749122]  G1ParScanThreadState::steal_and_trim_queue(GenericTaskQueueSet<OverflowTaskQueue<ScannerTask, (MEMFLAGS)5, 131072u>, (MEMFLAGS)5>*)+0x2c2
V  [libjvm.so+0x6ff38a]  G1ParEvacuateFollowersClosure::do_void()+0x8a
V  [libjvm.so+0x702ebf]  G1EvacuateRegionsTask::evacuate_live_objects(G1ParScanThreadState*, unsigned int)+0x8f
V  [libjvm.so+0x700d0e]  G1EvacuateRegionsBaseTask::work(unsigned int)+0x9e
V  [libjvm.so+0xf66557]  GangWorker::loop()+0x67
V  [libjvm.so+0xf665b3]
V  [libjvm.so+0xeb1504]  Thread::call_run()+0xc4
V  [libjvm.so+0xc3c6c9]  thread_native_entry(Thread*)+0xe9


siginfo: si_signo: 11 (SIGSEGV), si_code: 1 (SEGV_MAPERR), si_addr: 0x00000000000000fc

Registers:
RAX=0x0000000087890e50, RBX=0x00007f2378006dc0, RCX=0x0000000000000014, RDX=0x0000000000000000
RSP=0x00007f236defda40, RBP=0x00007f236defdae0, RSI=0x0000000000000000, RDI=0x0000000000000000
R8 =0x00007f23980260b0, R9 =0x0000000000000000, R10=0x00007f23a08b6330, R11=0x0000000000000000
R12=0x0000000087890e51, R13=0x00007f23a08fe67c, R14=0x00000000000000fc, R15=0x0000000000000000
RIP=0x00007f239fd0a691, EFLAGS=0x0000000000010246, CSGSFS=0x002b000000000033, ERR=0x0000000000000004
  TRAPNO=0x000000000000000e


Register to memory mapping:

RAX=0x0000000087890e50 is pointing into object: [Lcom.iiitb.imageEffectApplication.libraryInterfaces.Pixel; 
{0x0000000087890dc0} - klass: 'com/iiitb/imageEffectApplication/libraryInterfaces/Pixel'[]
 - length: 33
RBX=0x00007f2378006dc0 points into unknown readable memory: 0x00007f23a0806f40 | 40 6f 80 a0 23 7f 00 00
RCX=0x0000000000000014 is an unknown value
RDX=0x0 is NULL
RSP=0x00007f236defda40 points into unknown readable memory: 0x0000000000000003 | 03 00 00 00 00 00 00 00
RBP=0x00007f236defdae0 points into unknown readable memory: 0x00007f236defdb80 | 80 db ef 6d 23 7f 00 00
RSI=0x0 is NULL
RDI=0x0 is NULL
R8 =0x00007f23980260b0 points into unknown readable memory: 0x00007f23a08a6998 | 98 69 8a a0 23 7f 00 00
R9 =0x0 is NULL
R10=0x00007f23a08b6330: <offset 0x00000000012f1330> in /usr/lib/jvm/java-17-openjdk-amd64/lib/server/libjvm.so at 0x00007f239f5c5000
R11=0x0 is NULL
R12=0x0000000087890e51 is pointing into object: [Lcom.iiitb.imageEffectApplication.libraryInterfaces.Pixel; 
{0x0000000087890dc0} - klass: 'com/iiitb/imageEffectApplication/libraryInterfaces/Pixel'[]
 - length: 33
R13=0x00007f23a08fe67c: <offset 0x000000000133967c> in /usr/lib/jvm/java-17-openjdk-amd64/lib/server/libjvm.so at 0x00007f239f5c5000
R14=0x00000000000000fc is an unknown value
R15=0x0 is NULL


Top of Stack: (sp=0x00007f236defda40)
0x00007f236defda40:   0000000000000003 00007f2378006f40
0x00007f236defda50:   000000008788f968 00007f23a08b6330
0x00007f236defda60:   0000000087890b81 00007f23980cd070
0x00007f236defda70:   00007f2300000005 00007f231f006848
0x00007f236defda80:   0000000000000005 0000000087890d88
0x00007f236defda90:   0000000078006dd8 0000000087890e50
0x00007f236defdaa0:   0000000000000011 0000000087890db0
0x00007f236defdab0:   000000008788fbd5 00000000878091ad
0x00007f236defdac0:   00007f239802ef10 00007f23a08fe67c
0x00007f236defdad0:   00007f2378006dc0 00007f239802e670
0x00007f236defdae0:   00007f236defdb80 00007f239fd0e122
0x00007f236defdaf0:   00007f239d8cdfc0 00007f23a08b6330
0x00007f236defdb00:   0000000000000002 00007f23980cd070
0x00007f236defdb10:   00000000878091ad 0000000087890dc0
0x00007f236defdb20:   00007f2320349d00 0000000087890e54
0x00007f236defdb30:   0000000087890dc0 00000000878091ac
0x00007f236defdb40:   0000000000000009 0000000000000001
0x00007f236defdb50:   00007f236defdc80 00007f236defdc70
0x00007f236defdb60:   00007f23a0900ac0 0000000000000002
0x00007f236defdb70:   0000000000000002 00007f2378006dc0
0x00007f236defdb80:   00007f236defdc40 00007f239fcc438a
0x00007f236defdb90:   00007f236defdc00 00007f239fcc80e9
0x00007f236defdba0:   00007f23980489e0 0000000000000008
0x00007f236defdbb0:   0000000000000000 0000000000000000
0x00007f236defdbc0:   00007f2300000000 00007f2318001260
0x00007f236defdbd0:   0000000000000002 0000000000000002
0x00007f236defdbe0:   0000000000000000 0000000000000000
0x00007f236defdbf0:   0000000000000000 00007f23a020bc7a
0x00007f236defdc00:   00000000000003df 000000001b8dd77c
0x00007f236defdc10:   00007f236defdc20 00007f237d663120
0x00007f236defdc20:   00007f2318001260 0000000000000002
0x00007f236defdc30:   0000000000000002 00000000000003d8 

Instructions: (pc=0x00007f239fd0a691)
0x00007f239fd0a591:   8a 80 05 00 00 48 8d 0c 71 0f b6 79 01 44 0f b6
0x00007f239fd0a5a1:   39 40 84 ff 78 91 42 0f 18 0c 30 ba 10 00 00 00
0x00007f239fd0a5b1:   0f 18 0c 10 48 8b 83 98 01 00 00 49 8d 4c 24 01
0x00007f239fd0a5c1:   4c 8b 78 10 41 8b 87 80 00 00 00 41 8b b7 00 01
0x00007f239fd0a5d1:   00 00 89 c2 29 f2 81 e2 ff ff 01 00 81 fa fd ff
0x00007f239fd0a5e1:   01 00 0f 86 fd 0a 00 00 49 8b 87 a0 02 00 00 49
0x00007f239fd0a5f1:   3b 87 88 02 00 00 0f 84 ae 14 00 00 48 8d 34 c5
0x00007f239fd0a601:   00 00 00 00 48 83 c0 01 49 8b 97 b8 02 00 00 48
0x00007f239fd0a611:   89 0c 32 49 89 87 a0 02 00 00 e9 37 ff ff ff 49
0x00007f239fd0a621:   8d be 80 02 00 00 e8 24 c4 fb ff b8 01 00 00 00
0x00007f239fd0a631:   31 d2 e9 f8 fd ff ff 0f 1f 84 00 00 00 00 00 4c
0x00007f239fd0a641:   8d 15 e9 bc ba 00 45 8b 74 24 ff 48 8b 43 08 41
0x00007f239fd0a651:   8b 72 08 49 8b 12 89 f1 49 d3 e6 8b 88 90 05 00
0x00007f239fd0a661:   00 48 8b 80 80 05 00 00 49 01 d6 4c 89 f7 48 d3
0x00007f239fd0a671:   ef 48 8d 04 78 44 0f b6 58 01 44 0f b6 38 45 84
0x00007f239fd0a681:   db 0f 88 78 f5 ff ff 49 8d 44 24 ff 48 89 45 b8
0x00007f239fd0a691:   49 8b 06 48 89 c1 83 e1 03 48 83 f9 03 0f 85 35
0x00007f239fd0a6a1:   06 00 00 48 8d 0d a5 2a bf 00 80 39 00 0f 85 dc
0x00007f239fd0a6b1:   0a 00 00 48 83 e0 fc 4c 8b 7d b8 4c 8d 35 b9 3f
0x00007f239fd0a6c1:   bf 00 48 89 45 a8 49 31 c7 48 8b 7d a8 89 f1 48
0x00007f239fd0a6d1:   89 f8 48 29 d0 48 d3 e8 41 89 44 24 ff 41 8b 0e
0x00007f239fd0a6e1:   49 d3 ef 4d 85 ff 0f 84 13 f5 ff ff 48 8b 53 08
0x00007f239fd0a6f1:   48 8b 75 b8 8b 8a c0 01 00 00 48 89 f0 48 d3 e8
0x00007f239fd0a701:   48 89 c1 48 8b 82 b0 01 00 00 48 8b 04 c8 8b 80
0x00007f239fd0a711:   bc 00 00 00 a8 02 0f 85 e3 f4 ff ff 8b 8a 90 05
0x00007f239fd0a721:   00 00 48 89 f8 48 8b 92 80 05 00 00 48 d3 e8 80
0x00007f239fd0a731:   3c 42 00 0f 84 c6 f4 ff ff 48 8b 43 60 e9 90 f4
0x00007f239fd0a741:   ff ff 0f 1f 44 00 00 49 8d bf 80 02 00 00 48 89
0x00007f239fd0a751:   4d b8 e8 f8 c2 fb ff 48 8b 4d b8 b8 01 00 00 00
0x00007f239fd0a761:   31 d2 e9 b6 ef ff ff 0f 1f 84 00 00 00 00 00 0f
0x00007f239fd0a771:   84 76 03 00 00 3c 01 48 8d 05 ad c5 ba 00 48 19
0x00007f239fd0a781:   c9 8b 00 83 e1 04 4d 63 54 0c 0c 44 89 e9 41 c1 


Stack slot to memory mapping:
stack at sp + 0 slots: 0x0000000000000003 is an unknown value
stack at sp + 1 slots: 0x00007f2378006f40 points into unknown readable memory: 0x00007f23a0806f00 | 00 6f 80 a0 23 7f 00 00
stack at sp + 2 slots: 0x000000008788f968 is an oop: java.lang.invoke.MethodType$ConcurrentWeakInternSet$WeakEntry 
{0x000000008788f968} - klass: 'java/lang/invoke/MethodType$ConcurrentWeakInternSet$WeakEntry'
 - ---- fields (total size 4 words):
 - private 'referent' 'Ljava/lang/Object;' @12  a 'java/lang/invoke/MethodType'{0x00000000878dda70} = (Ljava/lang/Object;Z)Z (878dda70)
 - volatile 'queue' 'Ljava/lang/ref/ReferenceQueue;' @16  a 'java/lang/ref/ReferenceQueue'{0x0000000086491930} (86491930)
 - volatile 'next' 'Ljava/lang/ref/Reference;' @20  NULL (0)
 - private transient 'discovered' 'Ljava/lang/ref/Reference;' @24  NULL (0)
 - public final 'hashcode' 'I' @28  872750034 (34051bd2)
stack at sp + 3 slots: 0x00007f23a08b6330: <offset 0x00000000012f1330> in /usr/lib/jvm/java-17-openjdk-amd64/lib/server/libjvm.so at 0x00007f239f5c5000
stack at sp + 4 slots: 0x0000000087890b81 is pointing into object: java.security.AccessControlContext 
{0x0000000087890b70} - klass: 'java/security/AccessControlContext'
 - ---- fields (total size 5 words):
 - private 'isPrivileged' 'Z' @12  false
 - private 'isAuthorized' 'Z' @13  true
 - private 'isWrapped' 'Z' @14  false
 - private 'isLimited' 'Z' @15  false
 - private 'context' '[Ljava/security/ProtectionDomain;' @16  a 'java/security/ProtectionDomain'[5] {0x0000000087890b98} (87890b98)
 - private 'privilegedContext' 'Ljava/security/AccessControlContext;' @20  NULL (0)
 - private 'combiner' 'Ljava/security/DomainCombiner;' @24  NULL (0)
 - private 'permissions' '[Ljava/security/Permission;' @28  NULL (0)
 - private 'parent' 'Ljava/security/AccessControlContext;' @32  NULL (0)
 - private 'limitedContext' '[Ljava/security/ProtectionDomain;' @36  NULL (0)
stack at sp + 5 slots: 0x00007f23980cd070 points into unknown readable memory: 0x0000000087500000 | 00 00 50 87 00 00 00 00
stack at sp + 6 slots: 0x00007f2300000005 points into unknown readable memory: 7f 00 00
stack at sp + 7 slots: 0x00007f231f006848 is a pointer to class: 


---------------  P R O C E S S  ---------------

Threads class SMR info:
_java_thread_list=0x00007f23043a1f70, length=29, elements={
0x00007f2398145430, 0x00007f2398146820, 0x00007f239814e840, 0x00007f239814fc00,
0x00007f2398151020, 0x00007f2398152a60, 0x00007f2398153fa0, 0x00007f2398155420,
0x00007f239815cd50, 0x00007f2398160300, 0x00007f23985b6950, 0x00007f2298003000,
0x00007f2398b807d0, 0x00007f23984cce00, 0x00007f23984cd5c0, 0x00007f2398517ff0,
0x00007f239884b840, 0x00007f239884c590, 0x00007f23982b9770, 0x00007f239893db20,
0x00007f239893e750, 0x00007f2398223e50, 0x00007f2398224da0, 0x00007f2398b5a270,
0x00007f23984fb5d0, 0x00007f2398013b90, 0x00007f228001a9a0, 0x00007f22f809b660,
0x00007f23043a15b0
}

Java Threads: ( => current thread )
  0x00007f2398145430 JavaThread "Reference Handler" daemon [_thread_blocked, id=3150, stack(0x00007f237d464000,0x00007f237d564000)]
  0x00007f2398146820 JavaThread "Finalizer" daemon [_thread_blocked, id=3151, stack(0x00007f237d364000,0x00007f237d464000)]
  0x00007f239814e840 JavaThread "Signal Dispatcher" daemon [_thread_blocked, id=3152, stack(0x00007f237d20d000,0x00007f237d30d000)]
  0x00007f239814fc00 JavaThread "Service Thread" daemon [_thread_blocked, id=3153, stack(0x00007f237d10d000,0x00007f237d20d000)]
  0x00007f2398151020 JavaThread "Monitor Deflation Thread" daemon [_thread_blocked, id=3154, stack(0x00007f237d00d000,0x00007f237d10d000)]
  0x00007f2398152a60 JavaThread "C2 CompilerThread0" daemon [_thread_blocked, id=3155, stack(0x00007f237cf0d000,0x00007f237d00d000)]
  0x00007f2398153fa0 JavaThread "C1 CompilerThread0" daemon [_thread_blocked, id=3156, stack(0x00007f237ce0d000,0x00007f237cf0d000)]
  0x00007f2398155420 JavaThread "Sweeper thread" daemon [_thread_blocked, id=3157, stack(0x00007f237cd0d000,0x00007f237ce0d000)]
  0x00007f239815cd50 JavaThread "Notification Thread" daemon [_thread_blocked, id=3158, stack(0x00007f237cc0d000,0x00007f237cd0d000)]
  0x00007f2398160300 JavaThread "Common-Cleaner" daemon [_thread_blocked, id=3160, stack(0x00007f237ca0c000,0x00007f237cb0c000)]
  0x00007f23985b6950 JavaThread "Catalina-utility-1" [_thread_blocked, id=3202, stack(0x00007f236d5f7000,0x00007f236d6f7000)]
  0x00007f2298003000 JavaThread "Catalina-utility-2" [_thread_blocked, id=3203, stack(0x00007f236d4f7000,0x00007f236d5f7000)]
  0x00007f2398b807d0 JavaThread "container-0" [_thread_blocked, id=3204, stack(0x00007f236d3f7000,0x00007f236d4f7000)]
  0x00007f23984cce00 JavaThread "http-nio-8000-exec-1" daemon [_thread_blocked, id=3211, stack(0x00007f236cff4000,0x00007f236d0f4000)]
  0x00007f23984cd5c0 JavaThread "http-nio-8000-exec-2" daemon [_thread_blocked, id=3212, stack(0x00007f236cef4000,0x00007f236cff4000)]
  0x00007f2398517ff0 JavaThread "http-nio-8000-exec-3" daemon [_thread_blocked, id=3213, stack(0x00007f236cdf4000,0x00007f236cef4000)]
  0x00007f239884b840 JavaThread "http-nio-8000-exec-4" daemon [_thread_blocked, id=3214, stack(0x00007f236ccf4000,0x00007f236cdf4000)]
  0x00007f239884c590 JavaThread "http-nio-8000-exec-5" daemon [_thread_blocked, id=3215, stack(0x00007f236cbf4000,0x00007f236ccf4000)]
  0x00007f23982b9770 JavaThread "http-nio-8000-exec-6" daemon [_thread_blocked, id=3216, stack(0x00007f236caf4000,0x00007f236cbf4000)]
  0x00007f239893db20 JavaThread "http-nio-8000-exec-7" daemon [_thread_blocked, id=3217, stack(0x00007f236c9f4000,0x00007f236caf4000)]
  0x00007f239893e750 JavaThread "http-nio-8000-exec-8" daemon [_thread_blocked, id=3218, stack(0x00007f236c8f4000,0x00007f236c9f4000)]
  0x00007f2398223e50 JavaThread "http-nio-8000-exec-9" daemon [_thread_blocked, id=3219, stack(0x00007f236c7f4000,0x00007f236c8f4000)]
  0x00007f2398224da0 JavaThread "http-nio-8000-exec-10" daemon [_thread_blocked, id=3220, stack(0x00007f236c6f4000,0x00007f236c7f4000)]
  0x00007f2398b5a270 JavaThread "http-nio-8000-Poller" daemon [_thread_blocked, id=3221, stack(0x00007f236c5f4000,0x00007f236c6f4000)]
  0x00007f23984fb5d0 JavaThread "http-nio-8000-Acceptor" daemon [_thread_in_native, id=3222, stack(0x00007f236c4f4000,0x00007f236c5f4000)]
  0x00007f2398013b90 JavaThread "DestroyJavaVM" [_thread_blocked, id=3143, stack(0x00007f239f192000,0x00007f239f292000)]
  0x00007f228001a9a0 JavaThread "Java2D Disposer" daemon [_thread_blocked, id=3232, stack(0x00007f237c90c000,0x00007f237ca0c000)]
  0x00007f22f809b660 JavaThread "C1 CompilerThread1" daemon [_thread_blocked, id=3233, stack(0x00007f237c80c000,0x00007f237c90c000)]
  0x00007f23043a15b0 JavaThread "C2 CompilerThread1" daemon [_thread_blocked, id=3234, stack(0x00007f237c70c000,0x00007f237c80c000)]

Other Threads:
  0x00007f23981414a0 VMThread "VM Thread" [stack: 0x00007f237d565000,0x00007f237d665000] [id=3149]
  0x00007f239815e6a0 WatcherThread [stack: 0x00007f237cb0d000,0x00007f237cc0d000] [id=3159]
  0x00007f239806eeb0 GCTaskThread "GC Thread#0" [stack: 0x00007f239d307000,0x00007f239d407000] [id=3144]
  0x00007f23180072d0 GCTaskThread "GC Thread#1" [stack: 0x00007f237c40c000,0x00007f237c50c000] [id=3168]
  0x00007f2318008dc0 GCTaskThread "GC Thread#2" [stack: 0x00007f237c30b000,0x00007f237c40b000] [id=3179]
  0x00007f2318009460 GCTaskThread "GC Thread#3" [stack: 0x00007f237c20a000,0x00007f237c30a000] [id=3180]
  0x00007f231800f890 GCTaskThread "GC Thread#4" [stack: 0x00007f237c109000,0x00007f237c209000] [id=3186]
  0x00007f231800ca60 GCTaskThread "GC Thread#5" [stack: 0x00007f237c008000,0x00007f237c108000] [id=3187]
  0x00007f23180128a0 GCTaskThread "GC Thread#6" [stack: 0x00007f236df00000,0x00007f236e000000] [id=3191]
=>0x00007f2318012ca0 GCTaskThread "GC Thread#7" [stack: 0x00007f236ddff000,0x00007f236deff000] [id=3192]
  0x00007f23180133e0 GCTaskThread "GC Thread#8" [stack: 0x00007f236dcfe000,0x00007f236ddfe000] [id=3193]
  0x00007f2318013df0 GCTaskThread "GC Thread#9" [stack: 0x00007f236dbfd000,0x00007f236dcfd000] [id=3194]
  0x00007f231800f370 GCTaskThread "GC Thread#10" [stack: 0x00007f236d7f9000,0x00007f236d8f9000] [id=3198]
  0x00007f2318016860 GCTaskThread "GC Thread#11" [stack: 0x00007f236d6f8000,0x00007f236d7f8000] [id=3199]
  0x00007f23180116b0 GCTaskThread "GC Thread#12" [stack: 0x00007f236d2f7000,0x00007f236d3f7000] [id=3205]
  0x00007f23180179e0 GCTaskThread "GC Thread#13" [stack: 0x00007f236d1f6000,0x00007f236d2f6000] [id=3206]
  0x00007f2318018140 GCTaskThread "GC Thread#14" [stack: 0x00007f236d0f5000,0x00007f236d1f5000] [id=3207]
  0x00007f239807f870 ConcurrentGCThread "G1 Main Marker" [stack: 0x00007f239d206000,0x00007f239d306000] [id=3145]
  0x00007f23980807f0 ConcurrentGCThread "G1 Conc#0" [stack: 0x00007f239d105000,0x00007f239d205000] [id=3146]
  0x00007f2370000ea0 ConcurrentGCThread "G1 Conc#1" [stack: 0x00007f236dafc000,0x00007f236dbfc000] [id=3195]
  0x00007f23700018f0 ConcurrentGCThread "G1 Conc#2" [stack: 0x00007f236d9fb000,0x00007f236dafb000] [id=3196]
  0x00007f2370002340 ConcurrentGCThread "G1 Conc#3" [stack: 0x00007f236d8fa000,0x00007f236d9fa000] [id=3197]
  0x00007f2398112cd0 ConcurrentGCThread "G1 Refine#0" [stack: 0x00007f239c0f5000,0x00007f239c1f5000] [id=3147]
  0x00007f2398113bd0 ConcurrentGCThread "G1 Service" [stack: 0x00007f237d7b8000,0x00007f237d8b8000] [id=3148]

Threads with active compile tasks:

VM state: at safepoint (normal execution)

VM Mutex/Monitor currently owned by a thread:  ([mutex/lock_event])
[0x00007f2398010cb0] Threads_lock - owner thread: 0x00007f23981414a0
[0x00007f2398011460] Heap_lock - owner thread: 0x00007f23984cce00

Heap address: 0x0000000086400000, size: 1948 MB, Compressed Oops mode: 32-bit

CDS archive(s) mapped at: [0x00007f231f000000-0x00007f231fbc6000-0x00007f231fbc6000), size 12345344, SharedBaseAddress: 0x00007f231f000000, ArchiveRelocationMode: 1.
Compressed class space mapped at: 0x00007f2320000000-0x00007f2360000000, reserved size: 1073741824
Narrow klass base: 0x00007f231f000000, Narrow klass shift: 0, Narrow klass range: 0x100000000

GC Precious Log:
 CPUs: 20 total, 20 available
 Memory: 7786M
 Large Page Support: Disabled
 NUMA Support: Disabled
 Compressed Oops: Enabled (32-bit)
 Heap Region Size: 1M
 Heap Min Capacity: 8M
 Heap Initial Capacity: 122M
 Heap Max Capacity: 1948M
 Pre-touch: Disabled
 Parallel Workers: 15
 Concurrent Workers: 4
 Concurrent Refinement Workers: 15
 Periodic GC: Disabled

Heap:
 garbage-first heap   total 40960K, used 31697K [0x0000000086400000, 0x0000000100000000)
  region size 1024K, 19 young (19456K), 2 survivors (2048K)
 Metaspace       used 30691K, committed 31104K, reserved 1114112K
  class space    used 3842K, committed 4032K, reserved 1048576K

Heap Regions: E=young(eden), S=young(survivor), O=old, HS=humongous(starts), HC=humongous(continues), CS=collection set, F=free, OA=open archive, CA=closed archive, TAMS=top-at-mark-start (previous, next)
|   0|0x0000000086400000, 0x0000000086500000, 0x0000000086500000|100%| O|  |TAMS 0x0000000086400000, 0x0000000086400000| Untracked 
|   1|0x0000000086500000, 0x0000000086600000, 0x0000000086600000|100%| O|  |TAMS 0x0000000086500000, 0x0000000086500000| Untracked 
|   2|0x0000000086600000, 0x0000000086700000, 0x0000000086700000|100%| O|  |TAMS 0x0000000086600000, 0x0000000086600000| Untracked 
|   3|0x0000000086700000, 0x0000000086800000, 0x0000000086800000|100%| O|  |TAMS 0x0000000086700000, 0x0000000086700000| Untracked 
|   4|0x0000000086800000, 0x0000000086900000, 0x0000000086900000|100%| O|  |TAMS 0x0000000086800000, 0x0000000086800000| Untracked 
|   5|0x0000000086900000, 0x0000000086a00000, 0x0000000086a00000|100%| O|  |TAMS 0x0000000086900000, 0x0000000086900000| Untracked 
|   6|0x0000000086a00000, 0x0000000086b00000, 0x0000000086b00000|100%| O|  |TAMS 0x0000000086a00000, 0x0000000086a00000| Untracked 
|   7|0x0000000086b00000, 0x0000000086c00000, 0x0000000086c00000|100%| O|  |TAMS 0x0000000086b00000, 0x0000000086b00000| Untracked 
|   8|0x0000000086c00000, 0x0000000086d00000, 0x0000000086d00000|100%| O|  |TAMS 0x0000000086c00000, 0x0000000086c00000| Untracked 
|   9|0x0000000086d00000, 0x0000000086e00000, 0x0000000086e00000|100%| O|  |TAMS 0x0000000086d00000, 0x0000000086d00000| Untracked 
|  10|0x0000000086e00000, 0x0000000086f00000, 0x0000000086f00000|100%| O|  |TAMS 0x0000000086e00000, 0x0000000086e00000| Untracked 
|  11|0x0000000086f00000, 0x0000000086f96c00, 0x0000000087000000| 58%| O|  |TAMS 0x0000000086f00000, 0x0000000086f00000| Untracked 
|  12|0x0000000087000000, 0x0000000087000000, 0x0000000087100000|  0%| F|  |TAMS 0x0000000087000000, 0x0000000087000000| Untracked 
|  13|0x0000000087100000, 0x0000000087100000, 0x0000000087200000|  0%| F|  |TAMS 0x0000000087100000, 0x0000000087100000| Untracked 
|  14|0x0000000087200000, 0x0000000087200000, 0x0000000087300000|  0%| F|  |TAMS 0x0000000087200000, 0x0000000087200000| Untracked 
|  15|0x0000000087300000, 0x0000000087300000, 0x0000000087400000|  0%| F|  |TAMS 0x0000000087300000, 0x0000000087300000| Untracked 
|  16|0x0000000087400000, 0x0000000087471980, 0x0000000087500000| 44%| E|CS|TAMS 0x0000000087400000, 0x0000000087400000| Complete 
|  17|0x0000000087500000, 0x0000000087600000, 0x0000000087600000|100%| E|CS|TAMS 0x0000000087500000, 0x0000000087500000| Complete 
|  18|0x0000000087600000, 0x0000000087600000, 0x0000000087700000|  0%| F|  |TAMS 0x0000000087600000, 0x0000000087600000| Untracked 
|  19|0x0000000087700000, 0x0000000087757670, 0x0000000087800000| 34%| S|  |TAMS 0x0000000087700000, 0x0000000087700000| Complete 
|  20|0x0000000087800000, 0x0000000087900000, 0x0000000087900000|100%| S|  |TAMS 0x0000000087800000, 0x0000000087800000| Complete 
|  21|0x0000000087900000, 0x0000000087a00000, 0x0000000087a00000|100%| E|CS|TAMS 0x0000000087900000, 0x0000000087900000| Complete 
|  22|0x0000000087a00000, 0x0000000087b00000, 0x0000000087b00000|100%| E|CS|TAMS 0x0000000087a00000, 0x0000000087a00000| Complete 
|  23|0x0000000087b00000, 0x0000000087c00000, 0x0000000087c00000|100%| E|CS|TAMS 0x0000000087b00000, 0x0000000087b00000| Complete 
|  24|0x0000000087c00000, 0x0000000087d00000, 0x0000000087d00000|100%| E|CS|TAMS 0x0000000087c00000, 0x0000000087c00000| Complete 
|  25|0x0000000087d00000, 0x0000000087e00000, 0x0000000087e00000|100%| E|CS|TAMS 0x0000000087d00000, 0x0000000087d00000| Complete 
|  26|0x0000000087e00000, 0x0000000087f00000, 0x0000000087f00000|100%| E|CS|TAMS 0x0000000087e00000, 0x0000000087e00000| Complete 
|  27|0x0000000087f00000, 0x0000000088000000, 0x0000000088000000|100%| E|CS|TAMS 0x0000000087f00000, 0x0000000087f00000| Complete 
|  28|0x0000000088000000, 0x0000000088100000, 0x0000000088100000|100%| E|CS|TAMS 0x0000000088000000, 0x0000000088000000| Complete 
|  29|0x0000000088100000, 0x0000000088200000, 0x0000000088200000|100%| E|CS|TAMS 0x0000000088100000, 0x0000000088100000| Complete 
|  61|0x000000008a100000, 0x000000008a200000, 0x000000008a200000|100%| E|CS|TAMS 0x000000008a100000, 0x000000008a100000| Complete 
|  62|0x000000008a200000, 0x000000008a300000, 0x000000008a300000|100%| E|CS|TAMS 0x000000008a200000, 0x000000008a200000| Complete 
|  63|0x000000008a300000, 0x000000008a400000, 0x000000008a400000|100%| E|CS|TAMS 0x000000008a300000, 0x000000008a300000| Complete 
|  64|0x000000008a400000, 0x000000008a500000, 0x000000008a500000|100%| E|CS|TAMS 0x000000008a400000, 0x000000008a400000| Complete 
|  65|0x000000008a500000, 0x000000008a600000, 0x000000008a600000|100%| E|CS|TAMS 0x000000008a500000, 0x000000008a500000| Complete 
|  66|0x000000008a600000, 0x000000008a700000, 0x000000008a700000|100%| E|CS|TAMS 0x000000008a600000, 0x000000008a600000| Complete 
|  67|0x000000008a700000, 0x000000008a800000, 0x000000008a800000|100%| E|CS|TAMS 0x000000008a700000, 0x000000008a700000| Complete 
| 121|0x000000008dd00000, 0x000000008de00000, 0x000000008de00000|100%| E|CS|TAMS 0x000000008dd00000, 0x000000008dd00000| Complete 
|1946|0x00000000ffe00000, 0x00000000ffe75000, 0x00000000fff00000| 45%|OA|  |TAMS 0x00000000ffe75000, 0x00000000ffe00000| Untracked 
|1947|0x00000000fff00000, 0x00000000fff77000, 0x0000000100000000| 46%|CA|  |TAMS 0x00000000fff77000, 0x00000000fff00000| Untracked 

Card table byte_map: [0x00007f239d8cd000,0x00007f239dc9b000] _byte_map_base: 0x00007f239d49b000

Marking Bits (Prev, Next): (CMBitMap*) 0x00007f239806f980, (CMBitMap*) 0x00007f239806f940
 Prev Bits: [0x00007f237d8b8000, 0x00007f237f728000)
 Next Bits: [0x00007f237f728000, 0x00007f2381598000)

Polling page: 0x00007f23a0b9d000

Metaspace:

Usage:
  Non-class:     26.22 MB used.
      Class:      3.75 MB used.
       Both:     29.97 MB used.

Virtual space:
  Non-class space:       64.00 MB reserved,      26.44 MB ( 41%) committed,  1 nodes.
      Class space:        1.00 GB reserved,       3.94 MB ( <1%) committed,  1 nodes.
             Both:        1.06 GB reserved,      30.38 MB (  3%) committed. 

Chunk freelists:
   Non-Class:  4.65 MB
       Class:  11.95 MB
        Both:  16.60 MB

MaxMetaspaceSize: unlimited
CompressedClassSpaceSize: 1.00 GB
Initial GC threshold: 21.00 MB
Current GC threshold: 35.12 MB
CDS: on
MetaspaceReclaimPolicy: balanced
 - commit_granule_bytes: 65536.
 - commit_granule_words: 8192.
 - virtual_space_node_default_size: 8388608.
 - enlarge_chunks_in_place: 1.
 - new_chunks_are_fully_committed: 0.
 - uncommit_free_chunks: 1.
 - use_allocation_guard: 0.
 - handle_deallocations: 1.


Internal statistics:

num_allocs_failed_limit: 3.
num_arena_births: 600.
num_arena_deaths: 0.
num_vsnodes_births: 2.
num_vsnodes_deaths: 0.
num_space_committed: 486.
num_space_uncommitted: 0.
num_chunks_returned_to_freelist: 3.
num_chunks_taken_from_freelist: 1677.
num_chunk_merges: 3.
num_chunk_splits: 1143.
num_chunks_enlarged: 838.
num_inconsistent_stats: 0.

CodeHeap 'non-profiled nmethods': size=119168Kb used=2200Kb max_used=2200Kb free=116967Kb
 bounds [0x00007f2389138000, 0x00007f23893a8000, 0x00007f2390598000]
CodeHeap 'profiled nmethods': size=119164Kb used=8138Kb max_used=8138Kb free=111026Kb
 bounds [0x00007f2381598000, 0x00007f2381d98000, 0x00007f23889f7000]
CodeHeap 'non-nmethods': size=7428Kb used=1800Kb max_used=2934Kb free=5627Kb
 bounds [0x00007f23889f7000, 0x00007f2388ce7000, 0x00007f2389138000]
 total_blobs=4499 nmethods=3945 adapters=466
 compilation: enabled
              stopped_count=0, restarted_count=0
 full_count=0

Compilation events (20 events):
Event: 42.172 Thread 0x00007f2398152a60 nmethod 3934 0x00007f2389359e90 code [0x00007f238935a000, 0x00007f238935a078]
Event: 42.172 Thread 0x00007f23043a15b0 nmethod 3931 0x00007f238935a190 code [0x00007f238935a360, 0x00007f238935a9c8]
Event: 42.210 Thread 0x00007f23043a15b0 3935   !   4       jdk.internal.ref.PhantomCleanable::insert (53 bytes)
Event: 42.210 Thread 0x00007f2398153fa0 3936       3       java.lang.AbstractStringBuilder::setLength (66 bytes)
Event: 42.211 Thread 0x00007f2398153fa0 nmethod 3936 0x00007f2381d88d10 code [0x00007f2381d88f40, 0x00007f2381d896f0]
Event: 42.211 Thread 0x00007f2398152a60 3939       4       jdk.internal.ref.PhantomCleanable::<init> (49 bytes)
Event: 42.216 Thread 0x00007f23043a15b0 nmethod 3935 0x00007f238935b590 code [0x00007f238935b720, 0x00007f238935bcb8]
Event: 42.224 Thread 0x00007f2398152a60 nmethod 3939 0x00007f238935be10 code [0x00007f238935bfc0, 0x00007f238935c9d8]
Event: 42.262 Thread 0x00007f22f809b660 3940       3       java.lang.LinkageError::<init> (6 bytes)
Event: 42.262 Thread 0x00007f2398153fa0 3941       3       java.lang.IncompatibleClassChangeError::<init> (6 bytes)
Event: 42.262 Thread 0x00007f22f809b660 nmethod 3940 0x00007f2381d89a90 code [0x00007f2381d89c40, 0x00007f2381d89dc0]
Event: 42.262 Thread 0x00007f2398153fa0 nmethod 3941 0x00007f2381d89e90 code [0x00007f2381d8a040, 0x00007f2381d8a240]
Event: 42.263 Thread 0x00007f2398153fa0 3942       3       java.lang.NoSuchFieldError::<init> (6 bytes)
Event: 42.264 Thread 0x00007f2398153fa0 nmethod 3942 0x00007f2381d8a310 code [0x00007f2381d8a4c0, 0x00007f2381d8a720]
Event: 42.269 Thread 0x00007f23043a15b0 3943  s    4       java.lang.Throwable::fillInStackTrace (29 bytes)
Event: 42.272 Thread 0x00007f23043a15b0 nmethod 3943 0x00007f238935cd10 code [0x00007f238935cea0, 0x00007f238935d228]
Event: 42.292 Thread 0x00007f2398152a60 3944       4       java.lang.Throwable::<init> (34 bytes)
Event: 42.293 Thread 0x00007f23043a15b0 3945       4       java.lang.NoSuchFieldError::<init> (6 bytes)
Event: 42.294 Thread 0x00007f2398152a60 nmethod 3944 0x00007f238935d310 code [0x00007f238935d4a0, 0x00007f238935d818]
Event: 42.295 Thread 0x00007f23043a15b0 nmethod 3945 0x00007f238935d910 code [0x00007f238935dac0, 0x00007f238935e148]

GC Heap History (20 events):
Event: 1.722 GC heap after
{Heap after GC invocations=1 (full 0):
 garbage-first heap   total 126976K, used 2688K [0x0000000086400000, 0x0000000100000000)
  region size 1024K, 2 young (2048K), 2 survivors (2048K)
 Metaspace       used 3471K, committed 3648K, reserved 1114112K
  class space    used 331K, committed 448K, reserved 1048576K
}
Event: 4.778 GC heap before
{Heap before GC invocations=1 (full 0):
 garbage-first heap   total 126976K, used 59008K [0x0000000086400000, 0x0000000100000000)
  region size 1024K, 57 young (58368K), 2 survivors (2048K)
 Metaspace       used 9951K, committed 10176K, reserved 1114112K
  class space    used 1229K, committed 1344K, reserved 1048576K
}
Event: 4.781 GC heap after
{Heap after GC invocations=2 (full 0):
 garbage-first heap   total 126976K, used 4307K [0x0000000086400000, 0x0000000100000000)
  region size 1024K, 4 young (4096K), 4 survivors (4096K)
 Metaspace       used 9951K, committed 10176K, reserved 1114112K
  class space    used 1229K, committed 1344K, reserved 1048576K
}
Event: 6.613 GC heap before
{Heap before GC invocations=2 (full 0):
 garbage-first heap   total 126976K, used 74963K [0x0000000086400000, 0x0000000100000000)
  region size 1024K, 73 young (74752K), 4 survivors (4096K)
 Metaspace       used 16283K, committed 16512K, reserved 1114112K
  class space    used 1998K, committed 2112K, reserved 1048576K
}
Event: 6.619 GC heap after
{Heap after GC invocations=3 (full 0):
 garbage-first heap   total 126976K, used 6612K [0x0000000086400000, 0x0000000100000000)
  region size 1024K, 6 young (6144K), 6 survivors (6144K)
 Metaspace       used 16283K, committed 16512K, reserved 1114112K
  class space    used 1998K, committed 2112K, reserved 1048576K
}
Event: 8.894 GC heap before
{Heap before GC invocations=3 (full 0):
 garbage-first heap   total 126976K, used 60884K [0x0000000086400000, 0x0000000100000000)
  region size 1024K, 60 young (61440K), 6 survivors (6144K)
 Metaspace       used 21108K, committed 21504K, reserved 1114112K
  class space    used 2666K, committed 2880K, reserved 1048576K
}
Event: 8.911 GC heap after
{Heap after GC invocations=4 (full 0):
 garbage-first heap   total 126976K, used 8924K [0x0000000086400000, 0x0000000100000000)
  region size 1024K, 7 young (7168K), 7 survivors (7168K)
 Metaspace       used 21108K, committed 21504K, reserved 1114112K
  class space    used 2666K, committed 2880K, reserved 1048576K
}
Event: 9.562 GC heap before
{Heap before GC invocations=5 (full 0):
 garbage-first heap   total 40960K, used 26332K [0x0000000086400000, 0x0000000100000000)
  region size 1024K, 24 young (24576K), 7 survivors (7168K)
 Metaspace       used 23460K, committed 23872K, reserved 1114112K
  class space    used 2933K, committed 3136K, reserved 1048576K
}
Event: 9.571 GC heap after
{Heap after GC invocations=6 (full 0):
 garbage-first heap   total 40960K, used 9812K [0x0000000086400000, 0x0000000100000000)
  region size 1024K, 2 young (2048K), 2 survivors (2048K)
 Metaspace       used 23460K, committed 23872K, reserved 1114112K
  class space    used 2933K, committed 3136K, reserved 1048576K
}
Event: 9.600 GC heap before
{Heap before GC invocations=6 (full 0):
 garbage-first heap   total 40960K, used 10836K [0x0000000086400000, 0x0000000100000000)
  region size 1024K, 3 young (3072K), 2 survivors (2048K)
 Metaspace       used 23630K, committed 24000K, reserved 1114112K
  class space    used 2951K, committed 3136K, reserved 1048576K
}
Event: 9.603 GC heap after
{Heap after GC invocations=7 (full 0):
 garbage-first heap   total 40960K, used 10488K [0x0000000086400000, 0x0000000100000000)
  region size 1024K, 1 young (1024K), 1 survivors (1024K)
 Metaspace       used 23630K, committed 24000K, reserved 1114112K
  class space    used 2951K, committed 3136K, reserved 1048576K
}
Event: 10.371 GC heap before
{Heap before GC invocations=7 (full 0):
 garbage-first heap   total 40960K, used 30968K [0x0000000086400000, 0x0000000100000000)
  region size 1024K, 21 young (21504K), 1 survivors (1024K)
 Metaspace       used 25665K, committed 26048K, reserved 1114112K
  class space    used 3216K, committed 3392K, reserved 1048576K
}
Event: 10.377 GC heap after
{Heap after GC invocations=8 (full 0):
 garbage-first heap   total 40960K, used 11694K [0x0000000086400000, 0x0000000100000000)
  region size 1024K, 2 young (2048K), 2 survivors (2048K)
 Metaspace       used 25665K, committed 26048K, reserved 1114112K
  class space    used 3216K, committed 3392K, reserved 1048576K
}
Event: 11.117 GC heap before
{Heap before GC invocations=8 (full 0):
 garbage-first heap   total 40960K, used 31150K [0x0000000086400000, 0x0000000100000000)
  region size 1024K, 21 young (21504K), 2 survivors (2048K)
 Metaspace       used 27335K, committed 27840K, reserved 1114112K
  class space    used 3436K, committed 3712K, reserved 1048576K
}
Event: 11.119 GC heap after
{Heap after GC invocations=9 (full 0):
 garbage-first heap   total 40960K, used 13006K [0x0000000086400000, 0x0000000100000000)
  region size 1024K, 3 young (3072K), 3 survivors (3072K)
 Metaspace       used 27335K, committed 27840K, reserved 1114112K
  class space    used 3436K, committed 3712K, reserved 1048576K
}
Event: 41.988 GC heap before
{Heap before GC invocations=9 (full 0):
 garbage-first heap   total 40960K, used 30414K [0x0000000086400000, 0x0000000100000000)
  region size 1024K, 20 young (20480K), 3 survivors (3072K)
 Metaspace       used 29484K, committed 30016K, reserved 1114112K
  class space    used 3712K, committed 3968K, reserved 1048576K
}
Event: 41.993 GC heap after
{Heap after GC invocations=10 (full 0):
 garbage-first heap   total 40960K, used 13504K [0x0000000086400000, 0x0000000100000000)
  region size 1024K, 2 young (2048K), 2 survivors (2048K)
 Metaspace       used 29484K, committed 30016K, reserved 1114112K
  class space    used 3712K, committed 3968K, reserved 1048576K
}
Event: 42.308 GC heap before
{Heap before GC invocations=10 (full 0):
 garbage-first heap   total 40960K, used 31936K [0x0000000086400000, 0x0000000100000000)
  region size 1024K, 20 young (20480K), 2 survivors (2048K)
 Metaspace       used 30691K, committed 31104K, reserved 1114112K
  class space    used 3842K, committed 4032K, reserved 1048576K
}
Event: 42.310 GC heap after
{Heap after GC invocations=11 (full 0):
 garbage-first heap   total 40960K, used 14289K [0x0000000086400000, 0x0000000100000000)
  region size 1024K, 2 young (2048K), 2 survivors (2048K)
 Metaspace       used 30691K, committed 31104K, reserved 1114112K
  class space    used 3842K, committed 4032K, reserved 1048576K
}
Event: 42.348 GC heap before
{Heap before GC invocations=11 (full 0):
 garbage-first heap   total 40960K, used 31697K [0x0000000086400000, 0x0000000100000000)
  region size 1024K, 19 young (19456K), 2 survivors (2048K)
 Metaspace       used 30691K, committed 31104K, reserved 1114112K
  class space    used 3842K, committed 4032K, reserved 1048576K
}

Dll operation events (13 events):
Event: 0.006 Loaded shared library /usr/lib/jvm/java-17-openjdk-amd64/lib/libjava.so
Event: 0.022 Loaded shared library /usr/lib/jvm/java-17-openjdk-amd64/lib/libjsvml.so
Event: 0.038 Loaded shared library /usr/lib/jvm/java-17-openjdk-amd64/lib/libnio.so
Event: 0.046 Loaded shared library /usr/lib/jvm/java-17-openjdk-amd64/lib/libzip.so
Event: 0.235 Loaded shared library /usr/lib/jvm/java-17-openjdk-amd64/lib/libjimage.so
Event: 1.306 Loaded shared library /usr/lib/jvm/java-17-openjdk-amd64/lib/libnet.so
Event: 11.117 Loaded shared library /usr/lib/jvm/java-17-openjdk-amd64/lib/libextnet.so
Event: 11.177 Loaded shared library /usr/lib/jvm/java-17-openjdk-amd64/lib/libmanagement.so
Event: 11.178 Loaded shared library /usr/lib/jvm/java-17-openjdk-amd64/lib/libmanagement_ext.so
Event: 42.107 Loaded shared library /usr/lib/jvm/java-17-openjdk-amd64/lib/libawt.so
Event: 42.108 Loaded shared library /usr/lib/jvm/java-17-openjdk-amd64/lib/libawt_headless.so
Event: 42.148 Loaded shared library /usr/lib/jvm/java-17-openjdk-amd64/lib/libjavajpeg.so
Event: 42.243 Loaded shared library /tmp/temp-BrightnessLib1252677736316551262

Deoptimization events (20 events):
Event: 41.201 Thread 0x00007f23984cce00 Uncommon trap: trap_request=0xffffff45 fr.pc=0x00007f23891bf0a0 relative=0x0000000000000080
Event: 41.201 Thread 0x00007f23984cce00 Uncommon trap: reason=unstable_if action=reinterpret pc=0x00007f23891bf0a0 method=java.lang.CharacterDataLatin1.isWhitespace(I)Z @ 14 c2
Event: 41.201 Thread 0x00007f23984cce00 DEOPT PACKING pc=0x00007f23891bf0a0 sp=0x00007f236d0f0c00
Event: 41.201 Thread 0x00007f23984cce00 DEOPT UNPACKING pc=0x00007f2388a4d699 sp=0x00007f236d0f0b90 mode 2
Event: 41.475 Thread 0x00007f23984cce00 Uncommon trap: trap_request=0xffffffc6 fr.pc=0x00007f238923a474 relative=0x00000000000003f4
Event: 41.475 Thread 0x00007f23984cce00 Uncommon trap: reason=bimorphic_or_optimized_type_check action=maybe_recompile pc=0x00007f238923a474 method=java.lang.ThreadLocal.set(Ljava/lang/Object;)V @ 6 c2
Event: 41.475 Thread 0x00007f23984cce00 DEOPT PACKING pc=0x00007f238923a474 sp=0x00007f236d0f0bb0
Event: 41.475 Thread 0x00007f23984cce00 DEOPT UNPACKING pc=0x00007f2388a4d699 sp=0x00007f236d0f0b88 mode 2
Event: 42.089 Thread 0x00007f23984cce00 Uncommon trap: trap_request=0xffffff45 fr.pc=0x00007f238914cd60 relative=0x00000000000001c0
Event: 42.089 Thread 0x00007f23984cce00 Uncommon trap: reason=unstable_if action=reinterpret pc=0x00007f238914cd60 method=java.lang.String.isLatin1()Z @ 10 c2
Event: 42.089 Thread 0x00007f23984cce00 DEOPT PACKING pc=0x00007f238914cd60 sp=0x00007f236d0f0480
Event: 42.089 Thread 0x00007f23984cce00 DEOPT UNPACKING pc=0x00007f2388a4d699 sp=0x00007f236d0f03d8 mode 2
Event: 42.109 Thread 0x00007f23984cce00 Uncommon trap: trap_request=0xffffffde fr.pc=0x00007f2389317ed4 relative=0x0000000000001794
Event: 42.109 Thread 0x00007f23984cce00 Uncommon trap: reason=class_check action=maybe_recompile pc=0x00007f2389317ed4 method=java.util.Collections$SynchronizedMap.put(Ljava/lang/Object;Ljava/lang/Object;)Ljava/lang/Object; @ 13 c2
Event: 42.109 Thread 0x00007f23984cce00 DEOPT PACKING pc=0x00007f2389317ed4 sp=0x00007f236d0efbf0
Event: 42.109 Thread 0x00007f23984cce00 DEOPT UNPACKING pc=0x00007f2388a4d699 sp=0x00007f236d0efbe0 mode 2
Event: 42.110 Thread 0x00007f23984cce00 Uncommon trap: trap_request=0xffffffde fr.pc=0x00007f2389317ed4 relative=0x0000000000001794
Event: 42.110 Thread 0x00007f23984cce00 Uncommon trap: reason=class_check action=maybe_recompile pc=0x00007f2389317ed4 method=java.util.Collections$SynchronizedMap.put(Ljava/lang/Object;Ljava/lang/Object;)Ljava/lang/Object; @ 13 c2
Event: 42.110 Thread 0x00007f23984cce00 DEOPT PACKING pc=0x00007f2389317ed4 sp=0x00007f236d0ef9b0
Event: 42.110 Thread 0x00007f23984cce00 DEOPT UNPACKING pc=0x00007f2388a4d699 sp=0x00007f236d0ef9a0 mode 2

Classes unloaded (0 events):
No events

Classes redefined (0 events):
No events

Internal exceptions (20 events):
Event: 42.347 Thread 0x00007f23984cce00 Exception <a 'java/lang/NoSuchFieldError'{0x00000000879f8368}: com.iiitb.imageEffectApplication.libraryInterfaces.Pixel.g 255> (0x00000000879f8368) 
thrown [./src/hotspot/share/prims/jni.cpp, line 1771]
Event: 42.347 Thread 0x00007f23984cce00 Exception <a 'java/lang/NoSuchFieldError'{0x00000000879f8948}: com.iiitb.imageEffectApplication.libraryInterfaces.Pixel.b 255> (0x00000000879f8948) 
thrown [./src/hotspot/share/prims/jni.cpp, line 1771]
Event: 42.347 Thread 0x00007f23984cce00 Exception <a 'java/lang/NoSuchFieldError'{0x00000000879f8f40}: com.iiitb.imageEffectApplication.libraryInterfaces.Pixel.r 255> (0x00000000879f8f40) 
thrown [./src/hotspot/share/prims/jni.cpp, line 1771]
Event: 42.347 Thread 0x00007f23984cce00 Exception <a 'java/lang/NoSuchFieldError'{0x00000000879f9520}: com.iiitb.imageEffectApplication.libraryInterfaces.Pixel.g 255> (0x00000000879f9520) 
thrown [./src/hotspot/share/prims/jni.cpp, line 1771]
Event: 42.347 Thread 0x00007f23984cce00 Exception <a 'java/lang/NoSuchFieldError'{0x00000000879f9b00}: com.iiitb.imageEffectApplication.libraryInterfaces.Pixel.b 255> (0x00000000879f9b00) 
thrown [./src/hotspot/share/prims/jni.cpp, line 1771]
Event: 42.347 Thread 0x00007f23984cce00 Exception <a 'java/lang/NoSuchFieldError'{0x00000000879fa0f8}: com.iiitb.imageEffectApplication.libraryInterfaces.Pixel.r 255> (0x00000000879fa0f8) 
thrown [./src/hotspot/share/prims/jni.cpp, line 1771]
Event: 42.347 Thread 0x00007f23984cce00 Exception <a 'java/lang/NoSuchFieldError'{0x00000000879fa6d8}: com.iiitb.imageEffectApplication.libraryInterfaces.Pixel.g 255> (0x00000000879fa6d8) 
thrown [./src/hotspot/share/prims/jni.cpp, line 1771]
Event: 42.347 Thread 0x00007f23984cce00 Exception <a 'java/lang/NoSuchFieldError'{0x00000000879facb8}: com.iiitb.imageEffectApplication.libraryInterfaces.Pixel.b 255> (0x00000000879facb8) 
thrown [./src/hotspot/share/prims/jni.cpp, line 1771]
Event: 42.347 Thread 0x00007f23984cce00 Exception <a 'java/lang/NoSuchFieldError'{0x00000000879fb2b0}: com.iiitb.imageEffectApplication.libraryInterfaces.Pixel.r 255> (0x00000000879fb2b0) 
thrown [./src/hotspot/share/prims/jni.cpp, line 1771]
Event: 42.347 Thread 0x00007f23984cce00 Exception <a 'java/lang/NoSuchFieldError'{0x00000000879fb890}: com.iiitb.imageEffectApplication.libraryInterfaces.Pixel.g 255> (0x00000000879fb890) 
thrown [./src/hotspot/share/prims/jni.cpp, line 1771]
Event: 42.347 Thread 0x00007f23984cce00 Exception <a 'java/lang/NoSuchFieldError'{0x00000000879fbe70}: com.iiitb.imageEffectApplication.libraryInterfaces.Pixel.b 255> (0x00000000879fbe70) 
thrown [./src/hotspot/share/prims/jni.cpp, line 1771]
Event: 42.347 Thread 0x00007f23984cce00 Exception <a 'java/lang/NoSuchFieldError'{0x00000000879fc468}: com.iiitb.imageEffectApplication.libraryInterfaces.Pixel.r 255> (0x00000000879fc468) 
thrown [./src/hotspot/share/prims/jni.cpp, line 1771]
Event: 42.347 Thread 0x00007f23984cce00 Exception <a 'java/lang/NoSuchFieldError'{0x00000000879fca48}: com.iiitb.imageEffectApplication.libraryInterfaces.Pixel.g 255> (0x00000000879fca48) 
thrown [./src/hotspot/share/prims/jni.cpp, line 1771]
Event: 42.347 Thread 0x00007f23984cce00 Exception <a 'java/lang/NoSuchFieldError'{0x00000000879fd028}: com.iiitb.imageEffectApplication.libraryInterfaces.Pixel.b 255> (0x00000000879fd028) 
thrown [./src/hotspot/share/prims/jni.cpp, line 1771]
Event: 42.347 Thread 0x00007f23984cce00 Exception <a 'java/lang/NoSuchFieldError'{0x00000000879fd620}: com.iiitb.imageEffectApplication.libraryInterfaces.Pixel.r 255> (0x00000000879fd620) 
thrown [./src/hotspot/share/prims/jni.cpp, line 1771]
Event: 42.347 Thread 0x00007f23984cce00 Exception <a 'java/lang/NoSuchFieldError'{0x00000000879fdc00}: com.iiitb.imageEffectApplication.libraryInterfaces.Pixel.g 255> (0x00000000879fdc00) 
thrown [./src/hotspot/share/prims/jni.cpp, line 1771]
Event: 42.347 Thread 0x00007f23984cce00 Exception <a 'java/lang/NoSuchFieldError'{0x00000000879fe1e0}: com.iiitb.imageEffectApplication.libraryInterfaces.Pixel.b 255> (0x00000000879fe1e0) 
thrown [./src/hotspot/share/prims/jni.cpp, line 1771]
Event: 42.347 Thread 0x00007f23984cce00 Exception <a 'java/lang/NoSuchFieldError'{0x00000000879fe7d8}: com.iiitb.imageEffectApplication.libraryInterfaces.Pixel.r 255> (0x00000000879fe7d8) 
thrown [./src/hotspot/share/prims/jni.cpp, line 1771]
Event: 42.347 Thread 0x00007f23984cce00 Exception <a 'java/lang/NoSuchFieldError'{0x00000000879fedb8}: com.iiitb.imageEffectApplication.libraryInterfaces.Pixel.g 255> (0x00000000879fedb8) 
thrown [./src/hotspot/share/prims/jni.cpp, line 1771]
Event: 42.347 Thread 0x00007f23984cce00 Exception <a 'java/lang/NoSuchFieldError'{0x00000000879ff398}: com.iiitb.imageEffectApplication.libraryInterfaces.Pixel.b 255> (0x00000000879ff398) 
thrown [./src/hotspot/share/prims/jni.cpp, line 1771]

VM Operations (20 events):
Event: 10.606 Executing VM operation: HandshakeAllThreads done
Event: 11.117 Executing VM operation: G1CollectForAllocation
Event: 11.119 Executing VM operation: G1CollectForAllocation done
Event: 12.120 Executing VM operation: Cleanup
Event: 12.120 Executing VM operation: Cleanup done
Event: 41.072 Executing VM operation: HandshakeAllThreads
Event: 41.072 Executing VM operation: HandshakeAllThreads done
Event: 41.072 Executing VM operation: Cleanup
Event: 41.072 Executing VM operation: Cleanup done
Event: 41.085 Executing VM operation: HandshakeAllThreads
Event: 41.085 Executing VM operation: HandshakeAllThreads done
Event: 41.988 Executing VM operation: G1CollectForAllocation
Event: 41.993 Executing VM operation: G1CollectForAllocation done
Event: 42.022 Executing VM operation: HandshakeAllThreads
Event: 42.022 Executing VM operation: HandshakeAllThreads done
Event: 42.100 Executing VM operation: HandshakeAllThreads
Event: 42.100 Executing VM operation: HandshakeAllThreads done
Event: 42.308 Executing VM operation: G1CollectForAllocation
Event: 42.310 Executing VM operation: G1CollectForAllocation done
Event: 42.348 Executing VM operation: G1CollectForAllocation

Events (20 events):
Event: 42.155 loading class sun/awt/image/SurfaceManager$ImageAccessor done
Event: 42.155 loading class java/awt/Image$1 done
Event: 42.155 loading class sun/awt/image/SurfaceManager
Event: 42.155 loading class sun/awt/image/SurfaceManager done
Event: 42.155 loading class java/awt/image/BufferedImage$1
Event: 42.155 loading class java/awt/image/BufferedImage$1 done
Event: 42.155 loading class sun/awt/image/IntegerComponentRaster
Event: 42.156 loading class sun/awt/image/IntegerComponentRaster done
Event: 42.156 loading class java/awt/image/IndexColorModel
Event: 42.156 loading class java/awt/image/IndexColorModel done
Event: 42.156 loading class sun/awt/image/ShortComponentRaster
Event: 42.156 loading class sun/awt/image/ShortComponentRaster done
Event: 42.161 Thread 0x00007f22f809b660 Thread added: 0x00007f22f809b660
Event: 42.161 Protecting memory [0x00007f237c80c000,0x00007f237c810000] with protection modes 0
Event: 42.166 Thread 0x00007f23043a15b0 Thread added: 0x00007f23043a15b0
Event: 42.166 Protecting memory [0x00007f237c70c000,0x00007f237c710000] with protection modes 0
Event: 42.238 loading class java/io/File$TempDirectory
Event: 42.238 loading class java/io/File$TempDirectory done
Event: 42.243 loading class jdk/internal/loader/NativeLibraries$Unloader
Event: 42.244 loading class jdk/internal/loader/NativeLibraries$Unloader done


Dynamic libraries:
86400000-88200000 rw-p 00000000 00:00 0 
88200000-8a100000 ---p 00000000 00:00 0 
8a100000-8a800000 rw-p 00000000 00:00 0 
8a800000-8dd00000 ---p 00000000 00:00 0 
8dd00000-8de00000 rw-p 00000000 00:00 0 
8de00000-ffe00000 ---p 00000000 00:00 0 
ffe00000-ffe75000 rw-p 00c75000 08:20 49316                              /usr/lib/jvm/java-17-openjdk-amd64/lib/server/classes.jsa
ffe75000-fff00000 rw-p 00000000 00:00 0 
fff00000-fff77000 rw-p 00bfe000 08:20 49316                              /usr/lib/jvm/java-17-openjdk-amd64/lib/server/classes.jsa
fff77000-100000000 rw-p 00000000 00:00 0 
559ba166a000-559ba166b000 r--p 00000000 08:20 48958                      /usr/lib/jvm/java-17-openjdk-amd64/bin/java
559ba166b000-559ba166c000 r-xp 00001000 08:20 48958                      /usr/lib/jvm/java-17-openjdk-amd64/bin/java
559ba166c000-559ba166d000 r--p 00002000 08:20 48958                      /usr/lib/jvm/java-17-openjdk-amd64/bin/java
559ba166d000-559ba166e000 r--p 00002000 08:20 48958                      /usr/lib/jvm/java-17-openjdk-amd64/bin/java
559ba166e000-559ba166f000 rw-p 00003000 08:20 48958                      /usr/lib/jvm/java-17-openjdk-amd64/bin/java
559ba243d000-559ba2484000 rw-p 00000000 00:00 0                          [heap]
7f2258000000-7f2258021000 rw-p 00000000 00:00 0 
7f2258021000-7f225c000000 ---p 00000000 00:00 0 
7f225c000000-7f225c02b000 rw-p 00000000 00:00 0 
7f225c02b000-7f2260000000 ---p 00000000 00:00 0 
7f2260000000-7f2260021000 rw-p 00000000 00:00 0 
7f2260021000-7f2264000000 ---p 00000000 00:00 0 
7f2264000000-7f2264021000 rw-p 00000000 00:00 0 
7f2264021000-7f2268000000 ---p 00000000 00:00 0 
7f2268000000-7f2268021000 rw-p 00000000 00:00 0 
7f2268021000-7f226c000000 ---p 00000000 00:00 0 
7f226c000000-7f226c021000 rw-p 00000000 00:00 0 
7f226c021000-7f2270000000 ---p 00000000 00:00 0 
7f2270000000-7f2270021000 rw-p 00000000 00:00 0 
7f2270021000-7f2274000000 ---p 00000000 00:00 0 
7f2274000000-7f2274021000 rw-p 00000000 00:00 0 
7f2274021000-7f2278000000 ---p 00000000 00:00 0 
7f2278000000-7f2278021000 rw-p 00000000 00:00 0 
7f2278021000-7f227c000000 ---p 00000000 00:00 0 
7f227c000000-7f227c021000 rw-p 00000000 00:00 0 
7f227c021000-7f2280000000 ---p 00000000 00:00 0 
7f2280000000-7f2280239000 rw-p 00000000 00:00 0 
7f2280239000-7f2284000000 ---p 00000000 00:00 0 
7f2284000000-7f2284021000 rw-p 00000000 00:00 0 
7f2284021000-7f2288000000 ---p 00000000 00:00 0 
7f2288000000-7f22880bb000 rw-p 00000000 00:00 0 
7f22880bb000-7f228c000000 ---p 00000000 00:00 0 
7f228c000000-7f228c086000 rw-p 00000000 00:00 0 
7f228c086000-7f2290000000 ---p 00000000 00:00 0 
7f2290000000-7f2290021000 rw-p 00000000 00:00 0 
7f2290021000-7f2294000000 ---p 00000000 00:00 0 
7f2294000000-7f2294021000 rw-p 00000000 00:00 0 
7f2294021000-7f2298000000 ---p 00000000 00:00 0 
7f2298000000-7f2298021000 rw-p 00000000 00:00 0 
7f2298021000-7f229c000000 ---p 00000000 00:00 0 
7f229c000000-7f229c021000 rw-p 00000000 00:00 0 
7f229c021000-7f22a0000000 ---p 00000000 00:00 0 
7f22a0000000-7f22a0119000 rw-p 00000000 00:00 0 
7f22a0119000-7f22a4000000 ---p 00000000 00:00 0 
7f22a4000000-7f22a4261000 rw-p 00000000 00:00 0 
7f22a4261000-7f22a8000000 ---p 00000000 00:00 0 
7f22a8000000-7f22a8021000 rw-p 00000000 00:00 0 
7f22a8021000-7f22ac000000 ---p 00000000 00:00 0 
7f22ac000000-7f22ac021000 rw-p 00000000 00:00 0 
7f22ac021000-7f22b0000000 ---p 00000000 00:00 0 
7f22b0000000-7f22b0021000 rw-p 00000000 00:00 0 
7f22b0021000-7f22b4000000 ---p 00000000 00:00 0 
7f22b4000000-7f22b4021000 rw-p 00000000 00:00 0 
7f22b4021000-7f22b8000000 ---p 00000000 00:00 0 
7f22b8000000-7f22b8021000 rw-p 00000000 00:00 0 
7f22b8021000-7f22bc000000 ---p 00000000 00:00 0 
7f22bc000000-7f22bc021000 rw-p 00000000 00:00 0 
7f22bc021000-7f22c0000000 ---p 00000000 00:00 0 
7f22c0000000-7f22c0021000 rw-p 00000000 00:00 0 
7f22c0021000-7f22c4000000 ---p 00000000 00:00 0 
7f22c4000000-7f22c415d000 rw-p 00000000 00:00 0 
7f22c415d000-7f22c8000000 ---p 00000000 00:00 0 
7f22c8000000-7f22c8eb0000 rw-p 00000000 00:00 0 
7f22c8eb0000-7f22cc000000 ---p 00000000 00:00 0 
7f22cc000000-7f22cc473000 rw-p 00000000 00:00 0 
7f22cc473000-7f22d0000000 ---p 00000000 00:00 0 
7f22d0000000-7f22d0021000 rw-p 00000000 00:00 0 
7f22d0021000-7f22d4000000 ---p 00000000 00:00 0 
7f22d4000000-7f22d4021000 rw-p 00000000 00:00 0 
7f22d4021000-7f22d8000000 ---p 00000000 00:00 0 
7f22d8000000-7f22d8199000 rw-p 00000000 00:00 0 
7f22d8199000-7f22dc000000 ---p 00000000 00:00 0 
7f22dc000000-7f22dc16a000 rw-p 00000000 00:00 0 
7f22dc16a000-7f22e0000000 ---p 00000000 00:00 0 
7f22e0000000-7f22e024f000 rw-p 00000000 00:00 0 
7f22e024f000-7f22e4000000 ---p 00000000 00:00 0 
7f22e4000000-7f22e44af000 rw-p 00000000 00:00 0 
7f22e44af000-7f22e8000000 ---p 00000000 00:00 0 
7f22e8000000-7f22e8021000 rw-p 00000000 00:00 0 
7f22e8021000-7f22ec000000 ---p 00000000 00:00 0 
7f22ec000000-7f22ec182000 rw-p 00000000 00:00 0 
7f22ec182000-7f22f0000000 ---p 00000000 00:00 0 
7f22f0000000-7f22f0021000 rw-p 00000000 00:00 0 
7f22f0021000-7f22f4000000 ---p 00000000 00:00 0 
7f22f4000000-7f22f4021000 rw-p 00000000 00:00 0 
7f22f4021000-7f22f8000000 ---p 00000000 00:00 0 
7f22f8000000-7f22f8317000 rw-p 00000000 00:00 0 
7f22f8317000-7f22fc000000 ---p 00000000 00:00 0 
7f22fc000000-7f22fc021000 rw-p 00000000 00:00 0 
7f22fc021000-7f2300000000 ---p 00000000 00:00 0 
7f2300000000-7f2300021000 rw-p 00000000 00:00 0 
7f2300021000-7f2304000000 ---p 00000000 00:00 0 
7f2304000000-7f2304c35000 rw-p 00000000 00:00 0 
7f2304c35000-7f2308000000 ---p 00000000 00:00 0 
7f2308000000-7f2308021000 rw-p 00000000 00:00 0 
7f2308021000-7f230c000000 ---p 00000000 00:00 0 
7f230c000000-7f230c021000 rw-p 00000000 00:00 0 
7f230c021000-7f2310000000 ---p 00000000 00:00 0 
7f2310000000-7f2310021000 rw-p 00000000 00:00 0 
7f2310021000-7f2314000000 ---p 00000000 00:00 0 
7f2314000000-7f2314021000 rw-p 00000000 00:00 0 
7f2314021000-7f2318000000 ---p 00000000 00:00 0 
7f2318000000-7f2318021000 rw-p 00000000 00:00 0 
7f2318021000-7f231c000000 ---p 00000000 00:00 0 
7f231f000000-7f231fbc6000 rw-p 00001000 08:20 49316                      /usr/lib/jvm/java-17-openjdk-amd64/lib/server/classes.jsa
7f231fbc6000-7f2320000000 ---p 00000000 00:00 0 
7f2320000000-7f2320040000 rw-p 00000000 00:00 0 
7f2320040000-7f2320080000 rw-p 00000000 00:00 0 
7f2320080000-7f2320100000 rw-p 00000000 00:00 0 
7f2320100000-7f23202c0000 rw-p 00000000 00:00 0 
7f23202c0000-7f2320300000 rw-p 00000000 00:00 0 
7f2320300000-7f23203c0000 rw-p 00000000 00:00 0 
7f23203c0000-7f23203e0000 rw-p 00000000 00:00 0 
7f23203e0000-7f2320400000 ---p 00000000 00:00 0 
7f2320400000-7f2320410000 rw-p 00000000 00:00 0 
7f2320410000-7f2360000000 ---p 00000000 00:00 0 
7f2360000000-7f2360021000 rw-p 00000000 00:00 0 
7f2360021000-7f2364000000 ---p 00000000 00:00 0 
7f2364000000-7f2364400000 rw-p 00000000 00:00 0 
7f2364400000-7f2365180000 rw-p 00000000 00:00 0 
7f2365180000-7f2365200000 rw-p 00000000 00:00 0 
7f2365200000-7f2365300000 rw-p 00000000 00:00 0 
7f2365300000-7f2365400000 rw-p 00000000 00:00 0 
7f2365400000-7f2365780000 rw-p 00000000 00:00 0 
7f2365780000-7f2365900000 rw-p 00000000 00:00 0 
7f2365900000-7f2365a00000 rw-p 00000000 00:00 0 
7f2365a00000-7f2365a60000 rw-p 00000000 00:00 0 
7f2365a60000-7f2365b00000 ---p 00000000 00:00 0 
7f2365b00000-7f2365b10000 rw-p 00000000 00:00 0 
7f2365b10000-7f2368000000 ---p 00000000 00:00 0 
7f2368000000-7f2368021000 rw-p 00000000 00:00 0 
7f2368021000-7f236c000000 ---p 00000000 00:00 0 
7f236c0cb000-7f236c358000 rw-p 00000000 00:00 0 
7f236c358000-7f236c35e000 r--p 00000000 08:20 78081                      /tmp/temp-BrightnessLib1252677736316551262
7f236c35e000-7f236c363000 r-xp 00006000 08:20 78081                      /tmp/temp-BrightnessLib1252677736316551262
7f236c363000-7f236c365000 r--p 0000b000 08:20 78081                      /tmp/temp-BrightnessLib1252677736316551262
7f236c365000-7f236c366000 r--p 0000c000 08:20 78081                      /tmp/temp-BrightnessLib1252677736316551262
7f236c366000-7f236c367000 rw-p 0000d000 08:20 78081                      /tmp/temp-BrightnessLib1252677736316551262
7f236c367000-7f236c36b000 r--p 00000000 08:20 24704                      /usr/lib/x86_64-linux-gnu/libjpeg.so.8.2.2
7f236c36b000-7f236c3b4000 r-xp 00004000 08:20 24704                      /usr/lib/x86_64-linux-gnu/libjpeg.so.8.2.2
7f236c3b4000-7f236c3e6000 r--p 0004d000 08:20 24704                      /usr/lib/x86_64-linux-gnu/libjpeg.so.8.2.2
7f236c3e6000-7f236c3e7000 r--p 0007e000 08:20 24704                      /usr/lib/x86_64-linux-gnu/libjpeg.so.8.2.2
7f236c3e7000-7f236c3e8000 rw-p 0007f000 08:20 24704                      /usr/lib/x86_64-linux-gnu/libjpeg.so.8.2.2
7f236c3e8000-7f236c3ea000 r--p 00000000 08:20 49181                      /usr/lib/jvm/java-17-openjdk-amd64/lib/libjavajpeg.so
7f236c3ea000-7f236c3f1000 r-xp 00002000 08:20 49181                      /usr/lib/jvm/java-17-openjdk-amd64/lib/libjavajpeg.so
7f236c3f1000-7f236c3f2000 r--p 00009000 08:20 49181                      /usr/lib/jvm/java-17-openjdk-amd64/lib/libjavajpeg.so
7f236c3f2000-7f236c3f3000 ---p 0000a000 08:20 49181                      /usr/lib/jvm/java-17-openjdk-amd64/lib/libjavajpeg.so
7f236c3f3000-7f236c3f4000 r--p 0000a000 08:20 49181                      /usr/lib/jvm/java-17-openjdk-amd64/lib/libjavajpeg.so
7f236c3f4000-7f236c3f5000 rw-p 0000b000 08:20 49181                      /usr/lib/jvm/java-17-openjdk-amd64/lib/libjavajpeg.so
7f236c3f5000-7f236c3f8000 r--p 00000000 08:20 49139                      /usr/lib/jvm/java-17-openjdk-amd64/lib/libawt_headless.so
7f236c3f8000-7f236c3fc000 r-xp 00003000 08:20 49139                      /usr/lib/jvm/java-17-openjdk-amd64/lib/libawt_headless.so
7f236c3fc000-7f236c3fe000 r--p 00007000 08:20 49139                      /usr/lib/jvm/java-17-openjdk-amd64/lib/libawt_headless.so
7f236c3fe000-7f236c3ff000 r--p 00008000 08:20 49139                      /usr/lib/jvm/java-17-openjdk-amd64/lib/libawt_headless.so
7f236c3ff000-7f236c400000 rw-p 00009000 08:20 49139                      /usr/lib/jvm/java-17-openjdk-amd64/lib/libawt_headless.so
7f236c400000-7f236c42a000 r--p 00000000 08:20 49138                      /usr/lib/jvm/java-17-openjdk-amd64/lib/libawt.so
7f236c42a000-7f236c4ad000 r-xp 0002a000 08:20 49138                      /usr/lib/jvm/java-17-openjdk-amd64/lib/libawt.so
7f236c4ad000-7f236c4ba000 r--p 000ad000 08:20 49138                      /usr/lib/jvm/java-17-openjdk-amd64/lib/libawt.so
7f236c4ba000-7f236c4bb000 r--p 000b9000 08:20 49138                      /usr/lib/jvm/java-17-openjdk-amd64/lib/libawt.so
7f236c4bb000-7f236c4c6000 rw-p 000ba000 08:20 49138                      /usr/lib/jvm/java-17-openjdk-amd64/lib/libawt.so
7f236c4c6000-7f236c4eb000 rw-p 00000000 00:00 0 
7f236c4eb000-7f236c4ed000 r--p 00000000 08:20 49225                      /usr/lib/jvm/java-17-openjdk-amd64/lib/libmanagement_ext.so
7f236c4ed000-7f236c4f0000 r-xp 00002000 08:20 49225                      /usr/lib/jvm/java-17-openjdk-amd64/lib/libmanagement_ext.so
7f236c4f0000-7f236c4f2000 r--p 00005000 08:20 49225                      /usr/lib/jvm/java-17-openjdk-amd64/lib/libmanagement_ext.so
7f236c4f2000-7f236c4f3000 r--p 00006000 08:20 49225                      /usr/lib/jvm/java-17-openjdk-amd64/lib/libmanagement_ext.so
7f236c4f3000-7f236c4f4000 rw-p 00007000 08:20 49225                      /usr/lib/jvm/java-17-openjdk-amd64/lib/libmanagement_ext.so
7f236c4f4000-7f236c4f8000 ---p 00000000 00:00 0 
7f236c4f8000-7f236c5f4000 rw-p 00000000 00:00 0 
7f236c5f4000-7f236c5f8000 ---p 00000000 00:00 0 
7f236c5f8000-7f236c6f4000 rw-p 00000000 00:00 0 
7f236c6f4000-7f236c6f8000 ---p 00000000 00:00 0 
7f236c6f8000-7f236c7f4000 rw-p 00000000 00:00 0 
7f236c7f4000-7f236c7f8000 ---p 00000000 00:00 0 
7f236c7f8000-7f236c8f4000 rw-p 00000000 00:00 0 
7f236c8f4000-7f236c8f8000 ---p 00000000 00:00 0 
7f236c8f8000-7f236c9f4000 rw-p 00000000 00:00 0 
7f236c9f4000-7f236c9f8000 ---p 00000000 00:00 0 
7f236c9f8000-7f236caf4000 rw-p 00000000 00:00 0 
7f236caf4000-7f236caf8000 ---p 00000000 00:00 0 
7f236caf8000-7f236cbf4000 rw-p 00000000 00:00 0 
7f236cbf4000-7f236cbf8000 ---p 00000000 00:00 0 
7f236cbf8000-7f236ccf4000 rw-p 00000000 00:00 0 
7f236ccf4000-7f236ccf8000 ---p 00000000 00:00 0 
7f236ccf8000-7f236cdf4000 rw-p 00000000 00:00 0 
7f236cdf4000-7f236cdf8000 ---p 00000000 00:00 0 
7f236cdf8000-7f236cef4000 rw-p 00000000 00:00 0 
7f236cef4000-7f236cef8000 ---p 00000000 00:00 0 
7f236cef8000-7f236cff4000 rw-p 00000000 00:00 0 
7f236cff4000-7f236cff8000 ---p 00000000 00:00 0 
7f236cff8000-7f236d0f4000 rw-p 00000000 00:00 0 
7f236d0f4000-7f236d0f5000 ---p 00000000 00:00 0 
7f236d0f5000-7f236d1f5000 rw-p 00000000 00:00 0 
7f236d1f5000-7f236d1f6000 ---p 00000000 00:00 0 
7f236d1f6000-7f236d2f6000 rw-p 00000000 00:00 0 
7f236d2f6000-7f236d2f7000 ---p 00000000 00:00 0 
7f236d2f7000-7f236d3f7000 rw-p 00000000 00:00 0 
7f236d3f7000-7f236d3fb000 ---p 00000000 00:00 0 
7f236d3fb000-7f236d4f7000 rw-p 00000000 00:00 0 
7f236d4f7000-7f236d4fb000 ---p 00000000 00:00 0 
7f236d4fb000-7f236d5f7000 rw-p 00000000 00:00 0 
7f236d5f7000-7f236d5fb000 ---p 00000000 00:00 0 
7f236d5fb000-7f236d6f7000 rw-p 00000000 00:00 0 
7f236d6f7000-7f236d6f8000 ---p 00000000 00:00 0 
7f236d6f8000-7f236d7f8000 rw-p 00000000 00:00 0 
7f236d7f8000-7f236d7f9000 ---p 00000000 00:00 0 
7f236d7f9000-7f236d8f9000 rw-p 00000000 00:00 0 
7f236d8f9000-7f236d8fa000 ---p 00000000 00:00 0 
7f236d8fa000-7f236d9fa000 rw-p 00000000 00:00 0 
7f236d9fa000-7f236d9fb000 ---p 00000000 00:00 0 
7f236d9fb000-7f236dafb000 rw-p 00000000 00:00 0 
7f236dafb000-7f236dafc000 ---p 00000000 00:00 0 
7f236dafc000-7f236dbfc000 rw-p 00000000 00:00 0 
7f236dbfc000-7f236dbfd000 ---p 00000000 00:00 0 
7f236dbfd000-7f236dcfd000 rw-p 00000000 00:00 0 
7f236dcfd000-7f236dcfe000 ---p 00000000 00:00 0 
7f236dcfe000-7f236ddfe000 rw-p 00000000 00:00 0 
7f236ddfe000-7f236ddff000 ---p 00000000 00:00 0 
7f236ddff000-7f236deff000 rw-p 00000000 00:00 0 
7f236deff000-7f236df00000 ---p 00000000 00:00 0 
7f236df00000-7f2370000000 rw-p 00000000 00:00 0 
7f2370000000-7f2370021000 rw-p 00000000 00:00 0 
7f2370021000-7f2374000000 ---p 00000000 00:00 0 
7f2374000000-7f2374021000 rw-p 00000000 00:00 0 
7f2374021000-7f2378000000 ---p 00000000 00:00 0 
7f2378000000-7f2378021000 rw-p 00000000 00:00 0 
7f2378021000-7f237c000000 ---p 00000000 00:00 0 
7f237c007000-7f237c008000 ---p 00000000 00:00 0 
7f237c008000-7f237c108000 rw-p 00000000 00:00 0 
7f237c108000-7f237c109000 ---p 00000000 00:00 0 
7f237c109000-7f237c209000 rw-p 00000000 00:00 0 
7f237c209000-7f237c20a000 ---p 00000000 00:00 0 
7f237c20a000-7f237c30a000 rw-p 00000000 00:00 0 
7f237c30a000-7f237c30b000 ---p 00000000 00:00 0 
7f237c30b000-7f237c40b000 rw-p 00000000 00:00 0 
7f237c40b000-7f237c40c000 ---p 00000000 00:00 0 
7f237c40c000-7f237c50c000 rw-p 00000000 00:00 0 
7f237c50c000-7f237c510000 ---p 00000000 00:00 0 
7f237c510000-7f237c60c000 rw-p 00000000 00:00 0 
7f237c60c000-7f237c610000 ---p 00000000 00:00 0 
7f237c610000-7f237c70c000 rw-p 00000000 00:00 0 
7f237c70c000-7f237c710000 ---p 00000000 00:00 0 
7f237c710000-7f237c80c000 rw-p 00000000 00:00 0 
7f237c80c000-7f237c810000 ---p 00000000 00:00 0 
7f237c810000-7f237c90c000 rw-p 00000000 00:00 0 
7f237c90c000-7f237c910000 ---p 00000000 00:00 0 
7f237c910000-7f237ca0c000 rw-p 00000000 00:00 0 
7f237ca0c000-7f237ca10000 ---p 00000000 00:00 0 
7f237ca10000-7f237cb0c000 rw-p 00000000 00:00 0 
7f237cb0c000-7f237cb0d000 ---p 00000000 00:00 0 
7f237cb0d000-7f237cc0d000 rw-p 00000000 00:00 0 
7f237cc0d000-7f237cc11000 ---p 00000000 00:00 0 
7f237cc11000-7f237cd0d000 rw-p 00000000 00:00 0 
7f237cd0d000-7f237cd11000 ---p 00000000 00:00 0 
7f237cd11000-7f237ce0d000 rw-p 00000000 00:00 0 
7f237ce0d000-7f237ce11000 ---p 00000000 00:00 0 
7f237ce11000-7f237cf0d000 rw-p 00000000 00:00 0 
7f237cf0d000-7f237cf11000 ---p 00000000 00:00 0 
7f237cf11000-7f237d00d000 rw-p 00000000 00:00 0 
7f237d00d000-7f237d011000 ---p 00000000 00:00 0 
7f237d011000-7f237d10d000 rw-p 00000000 00:00 0 
7f237d10d000-7f237d111000 ---p 00000000 00:00 0 
7f237d111000-7f237d20d000 rw-p 00000000 00:00 0 
7f237d20d000-7f237d211000 ---p 00000000 00:00 0 
7f237d211000-7f237d30d000 rw-p 00000000 00:00 0 
7f237d30d000-7f237d364000 r--p 00000000 08:20 28279                      /usr/lib/locale/C.utf8/LC_CTYPE
7f237d364000-7f237d368000 ---p 00000000 00:00 0 
7f237d368000-7f237d464000 rw-p 00000000 00:00 0 
7f237d464000-7f237d468000 ---p 00000000 00:00 0 
7f237d468000-7f237d564000 rw-p 00000000 00:00 0 
7f237d564000-7f237d565000 ---p 00000000 00:00 0 
7f237d565000-7f237d665000 rw-p 00000000 00:00 0 
7f237d665000-7f237d66a000 r--p 00000000 08:20 49206                      /usr/lib/jvm/java-17-openjdk-amd64/lib/libjsvml.so
7f237d66a000-7f237d6ab000 r-xp 00005000 08:20 49206                      /usr/lib/jvm/java-17-openjdk-amd64/lib/libjsvml.so
7f237d6ab000-7f237d734000 r--p 00046000 08:20 49206                      /usr/lib/jvm/java-17-openjdk-amd64/lib/libjsvml.so
7f237d734000-7f237d735000 r--p 000ce000 08:20 49206                      /usr/lib/jvm/java-17-openjdk-amd64/lib/libjsvml.so
7f237d735000-7f237d736000 rw-p 000cf000 08:20 49206                      /usr/lib/jvm/java-17-openjdk-amd64/lib/libjsvml.so
7f237d736000-7f237d7b7000 rw-p 00000000 00:00 0 
7f237d7b7000-7f237d7b8000 ---p 00000000 00:00 0 
7f237d7b8000-7f237d930000 rw-p 00000000 00:00 0 
7f237d930000-7f237d9ac000 ---p 00000000 00:00 0 
7f237d9ac000-7f237d9c8000 rw-p 00000000 00:00 0 
7f237d9c8000-7f237da9c000 ---p 00000000 00:00 0 
7f237da9c000-7f237daa0000 rw-p 00000000 00:00 0 
7f237daa0000-7f237f720000 ---p 00000000 00:00 0 
7f237f720000-7f237f7a0000 rw-p 00000000 00:00 0 
7f237f7a0000-7f237f81c000 ---p 00000000 00:00 0 
7f237f81c000-7f237f838000 rw-p 00000000 00:00 0 
7f237f838000-7f237f90c000 ---p 00000000 00:00 0 
7f237f90c000-7f237f910000 rw-p 00000000 00:00 0 
7f237f910000-7f2381590000 ---p 00000000 00:00 0 
7f2381590000-7f2381598000 rw-p 00000000 00:00 0 
7f2381598000-7f2381d98000 rwxp 00000000 00:00 0 
7f2381d98000-7f23889f7000 ---p 00000000 00:00 0 
7f23889f7000-7f2388ce7000 rwxp 00000000 00:00 0 
7f2388ce7000-7f2389138000 ---p 00000000 00:00 0 
7f2389138000-7f23893a8000 rwxp 00000000 00:00 0 
7f23893a8000-7f2390598000 ---p 00000000 00:00 0 
7f2390598000-7f2398000000 r--s 00000000 08:20 49309                      /usr/lib/jvm/java-17-openjdk-amd64/lib/modules
7f2398000000-7f2398be9000 rw-p 00000000 00:00 0 
7f2398be9000-7f239c000000 ---p 00000000 00:00 0 
7f239c003000-7f239c005000 r--p 00000000 08:20 49214                      /usr/lib/jvm/java-17-openjdk-amd64/lib/libmanagement.so
7f239c005000-7f239c006000 r-xp 00002000 08:20 49214                      /usr/lib/jvm/java-17-openjdk-amd64/lib/libmanagement.so
7f239c006000-7f239c007000 r--p 00003000 08:20 49214                      /usr/lib/jvm/java-17-openjdk-amd64/lib/libmanagement.so
7f239c007000-7f239c008000 r--p 00003000 08:20 49214                      /usr/lib/jvm/java-17-openjdk-amd64/lib/libmanagement.so
7f239c008000-7f239c009000 rw-p 00004000 08:20 49214                      /usr/lib/jvm/java-17-openjdk-amd64/lib/libmanagement.so
7f239c009000-7f239c00d000 r--p 00000000 08:20 49230                      /usr/lib/jvm/java-17-openjdk-amd64/lib/libnet.so
7f239c00d000-7f239c01b000 r-xp 00004000 08:20 49230                      /usr/lib/jvm/java-17-openjdk-amd64/lib/libnet.so
7f239c01b000-7f239c01f000 r--p 00012000 08:20 49230                      /usr/lib/jvm/java-17-openjdk-amd64/lib/libnet.so
7f239c01f000-7f239c020000 r--p 00015000 08:20 49230                      /usr/lib/jvm/java-17-openjdk-amd64/lib/libnet.so
7f239c020000-7f239c021000 rw-p 00016000 08:20 49230                      /usr/lib/jvm/java-17-openjdk-amd64/lib/libnet.so
7f239c021000-7f239c0bd000 rw-p 00000000 00:00 0 
7f239c0bf000-7f239c0c0000 r--p 00000000 08:20 49150                      /usr/lib/jvm/java-17-openjdk-amd64/lib/libextnet.so
7f239c0c0000-7f239c0c1000 r-xp 00001000 08:20 49150                      /usr/lib/jvm/java-17-openjdk-amd64/lib/libextnet.so
7f239c0c1000-7f239c0c2000 r--p 00002000 08:20 49150                      /usr/lib/jvm/java-17-openjdk-amd64/lib/libextnet.so
7f239c0c2000-7f239c0c3000 r--p 00002000 08:20 49150                      /usr/lib/jvm/java-17-openjdk-amd64/lib/libextnet.so
7f239c0c3000-7f239c0c4000 rw-p 00003000 08:20 49150                      /usr/lib/jvm/java-17-openjdk-amd64/lib/libextnet.so
7f239c0c4000-7f239c0c6000 r--p 00000000 08:20 49307                      /usr/lib/jvm/java-17-openjdk-amd64/lib/libzip.so
7f239c0c6000-7f239c0cb000 r-xp 00002000 08:20 49307                      /usr/lib/jvm/java-17-openjdk-amd64/lib/libzip.so
7f239c0cb000-7f239c0cd000 r--p 00007000 08:20 49307                      /usr/lib/jvm/java-17-openjdk-amd64/lib/libzip.so
7f239c0cd000-7f239c0ce000 r--p 00008000 08:20 49307                      /usr/lib/jvm/java-17-openjdk-amd64/lib/libzip.so
7f239c0ce000-7f239c0cf000 rw-p 00009000 08:20 49307                      /usr/lib/jvm/java-17-openjdk-amd64/lib/libzip.so
7f239c0cf000-7f239c0d6000 r--p 00000000 08:20 49237                      /usr/lib/jvm/java-17-openjdk-amd64/lib/libnio.so
7f239c0d6000-7f239c0df000 r-xp 00007000 08:20 49237                      /usr/lib/jvm/java-17-openjdk-amd64/lib/libnio.so
7f239c0df000-7f239c0e3000 r--p 00010000 08:20 49237                      /usr/lib/jvm/java-17-openjdk-amd64/lib/libnio.so
7f239c0e3000-7f239c0e4000 ---p 00014000 08:20 49237                      /usr/lib/jvm/java-17-openjdk-amd64/lib/libnio.so
7f239c0e4000-7f239c0e5000 r--p 00014000 08:20 49237                      /usr/lib/jvm/java-17-openjdk-amd64/lib/libnio.so
7f239c0e5000-7f239c0e6000 rw-p 00015000 08:20 49237                      /usr/lib/jvm/java-17-openjdk-amd64/lib/libnio.so
7f239c0e6000-7f239c0e7000 r--p 00000000 08:20 29668                      /usr/lib/locale/C.utf8/LC_NUMERIC
7f239c0e7000-7f239c0e8000 r--p 00000000 08:20 29671                      /usr/lib/locale/C.utf8/LC_TIME
7f239c0e8000-7f239c0e9000 r--p 00000000 08:20 28278                      /usr/lib/locale/C.utf8/LC_COLLATE
7f239c0e9000-7f239c0ea000 r--p 00000000 08:20 29665                      /usr/lib/locale/C.utf8/LC_MONETARY
7f239c0ea000-7f239c0eb000 r--p 00000000 08:20 29664                      /usr/lib/locale/C.utf8/LC_MESSAGES/SYS_LC_MESSAGES
7f239c0eb000-7f239c0ec000 r--p 00000000 08:20 29669                      /usr/lib/locale/C.utf8/LC_PAPER
7f239c0ec000-7f239c0ed000 r--p 00000000 08:20 29667                      /usr/lib/locale/C.utf8/LC_NAME
7f239c0ed000-7f239c0f4000 r--s 00000000 08:20 46298                      /usr/lib/x86_64-linux-gnu/gconv/gconv-modules.cache
7f239c0f4000-7f239c0f5000 ---p 00000000 00:00 0 
7f239c0f5000-7f239d104000 rw-p 00000000 00:00 0 
7f239d104000-7f239d105000 ---p 00000000 00:00 0 
7f239d105000-7f239d205000 rw-p 00000000 00:00 0 
7f239d205000-7f239d206000 ---p 00000000 00:00 0 
7f239d206000-7f239d306000 rw-p 00000000 00:00 0 
7f239d306000-7f239d307000 ---p 00000000 00:00 0 
7f239d307000-7f239d50e000 rw-p 00000000 00:00 0 
7f239d50e000-7f239d51d000 ---p 00000000 00:00 0 
7f239d51d000-7f239d521000 rw-p 00000000 00:00 0 
7f239d521000-7f239d53b000 ---p 00000000 00:00 0 
7f239d53b000-7f239d53c000 rw-p 00000000 00:00 0 
7f239d53c000-7f239d8cc000 ---p 00000000 00:00 0 
7f239d8cc000-7f239d8dc000 rw-p 00000000 00:00 0 
7f239d8dc000-7f239d8eb000 ---p 00000000 00:00 0 
7f239d8eb000-7f239d8ef000 rw-p 00000000 00:00 0 
7f239d8ef000-7f239d909000 ---p 00000000 00:00 0 
7f239d909000-7f239d90a000 rw-p 00000000 00:00 0 
7f239d90a000-7f239dc9a000 ---p 00000000 00:00 0 
7f239dc9a000-7f239dcaa000 rw-p 00000000 00:00 0 
7f239dcaa000-7f239dcb9000 ---p 00000000 00:00 0 
7f239dcb9000-7f239dcbd000 rw-p 00000000 00:00 0 
7f239dcbd000-7f239dcd7000 ---p 00000000 00:00 0 
7f239dcd7000-7f239dcd8000 rw-p 00000000 00:00 0 
7f239dcd8000-7f239e068000 ---p 00000000 00:00 0 
7f239e068000-7f239ef7d000 rw-p 00000000 00:00 0 
7f239ef7d000-7f239f061000 ---p 00000000 00:00 0 
7f239f061000-7f239f071000 rw-p 00000000 00:00 0 
7f239f071000-7f239f14a000 ---p 00000000 00:00 0 
7f239f14a000-7f239f150000 rw-p 00000000 00:00 0 
7f239f150000-7f239f159000 ---p 00000000 00:00 0 
7f239f159000-7f239f165000 r--p 00000000 08:20 49177                      /usr/lib/jvm/java-17-openjdk-amd64/lib/libjava.so
7f239f165000-7f239f178000 r-xp 0000c000 08:20 49177                      /usr/lib/jvm/java-17-openjdk-amd64/lib/libjava.so
7f239f178000-7f239f17e000 r--p 0001f000 08:20 49177                      /usr/lib/jvm/java-17-openjdk-amd64/lib/libjava.so
7f239f17e000-7f239f17f000 r--p 00024000 08:20 49177                      /usr/lib/jvm/java-17-openjdk-amd64/lib/libjava.so
7f239f17f000-7f239f180000 rw-p 00025000 08:20 49177                      /usr/lib/jvm/java-17-openjdk-amd64/lib/libjava.so
7f239f180000-7f239f181000 rw-p 00000000 00:00 0 
7f239f181000-7f239f189000 rw-s 00000000 08:20 4729                       /tmp/hsperfdata_ketan/3142
7f239f189000-7f239f18b000 r--p 00000000 08:20 49189                      /usr/lib/jvm/java-17-openjdk-amd64/lib/libjimage.so
7f239f18b000-7f239f18e000 r-xp 00002000 08:20 49189                      /usr/lib/jvm/java-17-openjdk-amd64/lib/libjimage.so
7f239f18e000-7f239f18f000 r--p 00005000 08:20 49189                      /usr/lib/jvm/java-17-openjdk-amd64/lib/libjimage.so
7f239f18f000-7f239f190000 ---p 00006000 08:20 49189                      /usr/lib/jvm/java-17-openjdk-amd64/lib/libjimage.so
7f239f190000-7f239f191000 r--p 00006000 08:20 49189                      /usr/lib/jvm/java-17-openjdk-amd64/lib/libjimage.so
7f239f191000-7f239f192000 rw-p 00007000 08:20 49189                      /usr/lib/jvm/java-17-openjdk-amd64/lib/libjimage.so
7f239f192000-7f239f196000 ---p 00000000 00:00 0 
7f239f196000-7f239f292000 rw-p 00000000 00:00 0 
7f239f292000-7f239f295000 r--p 00000000 08:20 29639                      /usr/lib/x86_64-linux-gnu/libgcc_s.so.1
7f239f295000-7f239f2ac000 r-xp 00003000 08:20 29639                      /usr/lib/x86_64-linux-gnu/libgcc_s.so.1
7f239f2ac000-7f239f2b0000 r--p 0001a000 08:20 29639                      /usr/lib/x86_64-linux-gnu/libgcc_s.so.1
7f239f2b0000-7f239f2b1000 r--p 0001d000 08:20 29639                      /usr/lib/x86_64-linux-gnu/libgcc_s.so.1
7f239f2b1000-7f239f2b2000 rw-p 0001e000 08:20 29639                      /usr/lib/x86_64-linux-gnu/libgcc_s.so.1
7f239f2b2000-7f239f2c0000 r--p 00000000 08:20 46025                      /usr/lib/x86_64-linux-gnu/libm.so.6
7f239f2c0000-7f239f33c000 r-xp 0000e000 08:20 46025                      /usr/lib/x86_64-linux-gnu/libm.so.6
7f239f33c000-7f239f397000 r--p 0008a000 08:20 46025                      /usr/lib/x86_64-linux-gnu/libm.so.6
7f239f397000-7f239f398000 r--p 000e4000 08:20 46025                      /usr/lib/x86_64-linux-gnu/libm.so.6
7f239f398000-7f239f399000 rw-p 000e5000 08:20 46025                      /usr/lib/x86_64-linux-gnu/libm.so.6
7f239f399000-7f239f433000 r--p 00000000 08:20 28473                      /usr/lib/x86_64-linux-gnu/libstdc++.so.6.0.30
7f239f433000-7f239f544000 r-xp 0009a000 08:20 28473                      /usr/lib/x86_64-linux-gnu/libstdc++.so.6.0.30
7f239f544000-7f239f5b3000 r--p 001ab000 08:20 28473                      /usr/lib/x86_64-linux-gnu/libstdc++.so.6.0.30
7f239f5b3000-7f239f5b4000 ---p 0021a000 08:20 28473                      /usr/lib/x86_64-linux-gnu/libstdc++.so.6.0.30
7f239f5b4000-7f239f5bf000 r--p 0021a000 08:20 28473                      /usr/lib/x86_64-linux-gnu/libstdc++.so.6.0.30
7f239f5bf000-7f239f5c2000 rw-p 00225000 08:20 28473                      /usr/lib/x86_64-linux-gnu/libstdc++.so.6.0.30
7f239f5c2000-7f239f5c5000 rw-p 00000000 00:00 0 
7f239f5c5000-7f239f816000 r--p 00000000 08:20 49330                      /usr/lib/jvm/java-17-openjdk-amd64/lib/server/libjvm.so
7f239f816000-7f23a0578000 r-xp 00251000 08:20 49330                      /usr/lib/jvm/java-17-openjdk-amd64/lib/server/libjvm.so
7f23a0578000-7f23a07fa000 r--p 00fb3000 08:20 49330                      /usr/lib/jvm/java-17-openjdk-amd64/lib/server/libjvm.so
7f23a07fa000-7f23a08b2000 r--p 01234000 08:20 49330                      /usr/lib/jvm/java-17-openjdk-amd64/lib/server/libjvm.so
7f23a08b2000-7f23a08e7000 rw-p 012ec000 08:20 49330                      /usr/lib/jvm/java-17-openjdk-amd64/lib/server/libjvm.so
7f23a08e7000-7f23a0944000 rw-p 00000000 00:00 0 
7f23a0944000-7f23a096c000 r--p 00000000 08:20 46022                      /usr/lib/x86_64-linux-gnu/libc.so.6
7f23a096c000-7f23a0b01000 r-xp 00028000 08:20 46022                      /usr/lib/x86_64-linux-gnu/libc.so.6
7f23a0b01000-7f23a0b59000 r--p 001bd000 08:20 46022                      /usr/lib/x86_64-linux-gnu/libc.so.6
7f23a0b59000-7f23a0b5d000 r--p 00214000 08:20 46022                      /usr/lib/x86_64-linux-gnu/libc.so.6
7f23a0b5d000-7f23a0b5f000 rw-p 00218000 08:20 46022                      /usr/lib/x86_64-linux-gnu/libc.so.6
7f23a0b5f000-7f23a0b6c000 rw-p 00000000 00:00 0 
7f23a0b6c000-7f23a0b6e000 r--p 00000000 08:20 49193                      /usr/lib/jvm/java-17-openjdk-amd64/lib/libjli.so
7f23a0b6e000-7f23a0b78000 r-xp 00002000 08:20 49193                      /usr/lib/jvm/java-17-openjdk-amd64/lib/libjli.so
7f23a0b78000-7f23a0b7b000 r--p 0000c000 08:20 49193                      /usr/lib/jvm/java-17-openjdk-amd64/lib/libjli.so
7f23a0b7b000-7f23a0b7c000 r--p 0000e000 08:20 49193                      /usr/lib/jvm/java-17-openjdk-amd64/lib/libjli.so
7f23a0b7c000-7f23a0b7d000 rw-p 0000f000 08:20 49193                      /usr/lib/jvm/java-17-openjdk-amd64/lib/libjli.so
7f23a0b7d000-7f23a0b7f000 r--p 00000000 08:20 6877                       /usr/lib/x86_64-linux-gnu/libz.so.1.2.11
7f23a0b7f000-7f23a0b90000 r-xp 00002000 08:20 6877                       /usr/lib/x86_64-linux-gnu/libz.so.1.2.11
7f23a0b90000-7f23a0b96000 r--p 00013000 08:20 6877                       /usr/lib/x86_64-linux-gnu/libz.so.1.2.11
7f23a0b96000-7f23a0b97000 ---p 00019000 08:20 6877                       /usr/lib/x86_64-linux-gnu/libz.so.1.2.11
7f23a0b97000-7f23a0b98000 r--p 00019000 08:20 6877                       /usr/lib/x86_64-linux-gnu/libz.so.1.2.11
7f23a0b98000-7f23a0b99000 rw-p 0001a000 08:20 6877                       /usr/lib/x86_64-linux-gnu/libz.so.1.2.11
7f23a0b99000-7f23a0b9a000 r--p 00000000 08:20 27778                      /usr/lib/locale/C.utf8/LC_ADDRESS
7f23a0b9a000-7f23a0b9b000 r--p 00000000 08:20 29670                      /usr/lib/locale/C.utf8/LC_TELEPHONE
7f23a0b9b000-7f23a0b9c000 r--p 00000000 08:20 29662                      /usr/lib/locale/C.utf8/LC_MEASUREMENT
7f23a0b9c000-7f23a0b9d000 r--p 00000000 08:20 29660                      /usr/lib/locale/C.utf8/LC_IDENTIFICATION
7f23a0b9d000-7f23a0b9e000 ---p 00000000 00:00 0 
7f23a0b9e000-7f23a0b9f000 r--p 00000000 00:00 0 
7f23a0b9f000-7f23a0ba1000 rw-p 00000000 00:00 0 
7f23a0ba1000-7f23a0ba3000 r--p 00000000 08:20 46019                      /usr/lib/x86_64-linux-gnu/ld-linux-x86-64.so.2
7f23a0ba3000-7f23a0bcd000 r-xp 00002000 08:20 46019                      /usr/lib/x86_64-linux-gnu/ld-linux-x86-64.so.2
7f23a0bcd000-7f23a0bd8000 r--p 0002c000 08:20 46019                      /usr/lib/x86_64-linux-gnu/ld-linux-x86-64.so.2
7f23a0bd8000-7f23a0bd9000 ---p 00000000 00:00 0 
7f23a0bd9000-7f23a0bdb000 r--p 00037000 08:20 46019                      /usr/lib/x86_64-linux-gnu/ld-linux-x86-64.so.2
7f23a0bdb000-7f23a0bdd000 rw-p 00039000 08:20 46019                      /usr/lib/x86_64-linux-gnu/ld-linux-x86-64.so.2
7ffc0666d000-7ffc0668e000 rw-p 00000000 00:00 0                          [stack]
7ffc06704000-7ffc06708000 r--p 00000000 00:00 0                          [vvar]
7ffc06708000-7ffc0670a000 r-xp 00000000 00:00 0                          [vdso]


VM Arguments:
java_command: target/imageEffectApplication-0.0.1-SNAPSHOT.jar
java_class_path (initial): target/imageEffectApplication-0.0.1-SNAPSHOT.jar
Launcher Type: SUN_STANDARD

[Global flags]
     intx CICompilerCount                          = 12                                        {product} {ergonomic}
     uint ConcGCThreads                            = 4                                         {product} {ergonomic}
     uint G1ConcRefinementThreads                  = 15                                        {product} {ergonomic}
   size_t G1HeapRegionSize                         = 1048576                                   {product} {ergonomic}
    uintx GCDrainStackTargetSize                   = 64                                        {product} {ergonomic}
   size_t InitialHeapSize                          = 127926272                                 {product} {ergonomic}
   size_t MarkStackSize                            = 4194304                                   {product} {ergonomic}
   size_t MaxHeapSize                              = 2042626048                                {product} {ergonomic}
   size_t MaxNewSize                               = 1224736768                                {product} {ergonomic}
   size_t MinHeapDeltaBytes                        = 1048576                                   {product} {ergonomic}
   size_t MinHeapSize                              = 8388608                                   {product} {ergonomic}
    uintx NonNMethodCodeHeapSize                   = 7602480                                {pd product} {ergonomic}
    uintx NonProfiledCodeHeapSize                  = 122027880                              {pd product} {ergonomic}
    uintx ProfiledCodeHeapSize                     = 122027880                              {pd product} {ergonomic}
    uintx ReservedCodeCacheSize                    = 251658240                              {pd product} {ergonomic}
     bool SegmentedCodeCache                       = true                                      {product} {ergonomic}
   size_t SoftMaxHeapSize                          = 2042626048                             {manageable} {ergonomic}
     bool UseCompressedClassPointers               = true                           {product lp64_product} {ergonomic}
     bool UseCompressedOops                        = true                           {product lp64_product} {ergonomic}
     bool UseG1GC                                  = true                                      {product} {ergonomic}

Logging:
Log output configuration:
 #0: stdout all=warning uptime,level,tags
 #1: stderr all=off uptime,level,tags

Environment Variables:
PATH=/home/ketan/.nvm/versions/node/v21.1.0/bin:/usr/local/sbin:/usr/local/bin:/usr/sbin:/usr/bin:/sbin:/bin:/usr/games:/usr/local/games:/usr/lib/wsl/lib:/mnt/c/Program Files/Eclipse Adoptium/jdk-17.0.8.7-hotspot/bin:/mnt/c/Program Files/Common Files/Oracle/Java/javapath:/mnt/c/Windows/system32:/mnt/c/Windows:/mnt/c/Windows/System32/Wbem:/mnt/c/Windows/System32/WindowsPowerShell/v1.0/:/mnt/c/Windows/System32/OpenSSH/:/mnt/c/Program Files (x86)/NVIDIA Corporation/PhysX/Common:/mnt/c/Program Files/MATLAB/R2023b/bin:/mnt/c/Program Files/MATLAB/R2023a/bin:/mnt/c/Program Files/nodejs/:/mnt/c/Program Files/Git/cmd:/mnt/c/Program Files/Cloudflare/Cloudflare WARP/:/mnt/c/Users/ketan/AppData/Local/Microsoft/WindowsApps:/mnt/c/Users/ketan/AppData/Local/Programs/Microsoft VS Code/bin:/mnt/c/MinGW/mingw32/bin/:/mnt/c/MinGW/bin/:/mnt/c/Program Files/Java/jdk-20/bin:/mnt/c/Users/ketan/AppData/Roaming/npm:/mnt/c/Programs Files/nodejs:/mnt/c/Program Files/JetBrains/IntelliJ IDEA 2023.2.5/bin:/snap/bin
SHELL=/bin/bash
DISPLAY=:0
HOSTTYPE=x86_64
LANG=C.UTF-8
TERM=xterm-256color

Active Locale:
LC_ALL=C.UTF-8
LC_COLLATE=C.UTF-8
LC_CTYPE=C.UTF-8
LC_MESSAGES=C.UTF-8
LC_MONETARY=C.UTF-8
LC_NUMERIC=C.UTF-8
LC_TIME=C.UTF-8

Signal Handlers:
   SIGSEGV: crash_handler in libjvm.so, mask=11100100010111111101111111111110, flags=SA_RESTART|SA_SIGINFO, unblocked
    SIGBUS: crash_handler in libjvm.so, mask=11100100010111111101111111111110, flags=SA_RESTART|SA_SIGINFO, unblocked
    SIGFPE: crash_handler in libjvm.so, mask=11100100010111111101111111111110, flags=SA_RESTART|SA_SIGINFO, unblocked
   SIGPIPE: javaSignalHandler in libjvm.so, mask=11100100010111111101111111111110, flags=SA_RESTART|SA_SIGINFO, blocked
   SIGXFSZ: javaSignalHandler in libjvm.so, mask=11100100010111111101111111111110, flags=SA_RESTART|SA_SIGINFO, blocked
    SIGILL: crash_handler in libjvm.so, mask=11100100010111111101111111111110, flags=SA_RESTART|SA_SIGINFO, unblocked
   SIGUSR2: SR_handler in libjvm.so, mask=00000000000000000000000000000000, flags=SA_RESTART|SA_SIGINFO, blocked
    SIGHUP: UserHandler in libjvm.so, mask=11100100010111111101111111111110, flags=SA_RESTART|SA_SIGINFO, blocked
    SIGINT: UserHandler in libjvm.so, mask=11100100010111111101111111111110, flags=SA_RESTART|SA_SIGINFO, blocked
   SIGTERM: UserHandler in libjvm.so, mask=11100100010111111101111111111110, flags=SA_RESTART|SA_SIGINFO, blocked
   SIGQUIT: UserHandler in libjvm.so, mask=11100100010111111101111111111110, flags=SA_RESTART|SA_SIGINFO, blocked
   SIGTRAP: crash_handler in libjvm.so, mask=11100100010111111101111111111110, flags=SA_RESTART|SA_SIGINFO, unblocked


Periodic native trim disabled


---------------  S Y S T E M  ---------------

OS:
DISTRIB_ID=Ubuntu
DISTRIB_RELEASE=22.04
DISTRIB_CODENAME=jammy
DISTRIB_DESCRIPTION="Ubuntu 22.04.3 LTS"
uname: Linux 5.15.133.1-microsoft-standard-WSL2 #1 SMP Thu Oct 5 21:02:42 UTC 2023 x86_64
OS uptime: 0 days 0:16 hours
libc: glibc 2.35 NPTL 2.35 
rlimit (soft/hard): STACK 8192k/infinity , CORE 0k/infinity , NPROC 31119/31119 , NOFILE 1048576/1048576 , AS infinity/infinity , CPU infinity/infinity , DATA infinity/infinity , FSIZE infinity/infinity , MEMLOCK 65536k/65536k
load average: 0.44 0.37 0.22

/proc/meminfo:
MemTotal:        7973232 kB
MemFree:         6746972 kB
MemAvailable:    7028820 kB
Buffers:           22696 kB
Cached:           458936 kB
SwapCached:            0 kB
Active:           222752 kB
Inactive:         628256 kB
Active(anon):       2952 kB
Inactive(anon):   369744 kB
Active(file):     219800 kB
Inactive(file):   258512 kB
Unevictable:           0 kB
Mlocked:               0 kB
SwapTotal:       2097152 kB
SwapFree:        2097152 kB
Dirty:                 0 kB
Writeback:            16 kB
AnonPages:        361044 kB
Mapped:           141388 kB
Shmem:              3316 kB
KReclaimable:      38432 kB
Slab:             114320 kB
SReclaimable:      38432 kB
SUnreclaim:        75888 kB
KernelStack:        6048 kB
PageTables:         4576 kB
NFS_Unstable:          0 kB
Bounce:                0 kB
WritebackTmp:          0 kB
CommitLimit:     6083768 kB
Committed_AS:    1035364 kB
VmallocTotal:   34359738367 kB
VmallocUsed:       27352 kB
VmallocChunk:          0 kB
Percpu:            10560 kB
AnonHugePages:    122880 kB
ShmemHugePages:        0 kB
ShmemPmdMapped:        0 kB
FileHugePages:         0 kB
FilePmdMapped:         0 kB
HugePages_Total:       0
HugePages_Free:        0
HugePages_Rsvd:        0
HugePages_Surp:        0
Hugepagesize:       2048 kB
Hugetlb:               0 kB
DirectMap4k:       80896 kB
DirectMap2M:     3950592 kB
DirectMap1G:    12582912 kB

/sys/kernel/mm/transparent_hugepage/enabled: [always] madvise never
/sys/kernel/mm/transparent_hugepage/defrag (defrag/compaction efforts parameter): always defer defer+madvise [madvise] never

Process Memory:
Virtual Size: 7331300K (peak: 7331300K)
Resident Set Size: 186840K (peak: 205704K) (anon: 162608K, file: 24232K, shmem: 0K)
Swapped out: 0K
C-Heap outstanding allocations: 53384K, retained: 48695K
glibc malloc tunables: (default)

/proc/sys/kernel/threads-max (system-wide limit on the number of threads): 62239
/proc/sys/vm/max_map_count (maximum number of memory map areas a process may have): 65530
/proc/sys/kernel/pid_max (system-wide limit on number of process identifiers): 4194304

container (cgroup) information:
container_type: cgroupv1
cpu_cpuset_cpus: 0-19
cpu_memory_nodes: 0
active_processor_count: 20
cpu_quota: no quota
cpu_period: 100000
cpu_shares: no shares
memory_limit_in_bytes: unlimited
memory_and_swap_limit_in_bytes: unlimited
memory_soft_limit_in_bytes: unlimited
memory_usage_in_bytes: 842704 k
memory_max_usage_in_bytes: 411596 k
kernel_memory_usage_in_bytes: 17648 k
kernel_memory_max_usage_in_bytes: unlimited
kernel_memory_limit_in_bytes: 28600 k
maximum number of tasks: not supported
current number of tasks: not supported

Hyper-V virtualization detected
Steal ticks since vm start: 0
Steal ticks percentage since vm start:  0.000

CPU: total 20 (initial active 20) (16 cores per cpu, 2 threads per core) family 6 model 154 stepping 3 microcode 0xffffffff, cx8, cmov, fxsr, ht, mmx, 3dnowpref, sse, sse2, sse3, ssse3, sse4.1, sse4.2, popcnt, lzcnt, tsc, tscinvbit, avx, avx2, aes, erms, clmul, bmi1, bmi2, adx, sha, fma, vzeroupper, clflush, clflushopt, clwb, hv
CPU Model and flags from /proc/cpuinfo:
model name	: 12th Gen Intel(R) Core(TM) i7-12700H
flags		: fpu vme de pse tsc msr pae mce cx8 apic sep mtrr pge mca cmov pat pse36 clflush mmx fxsr sse sse2 ss ht syscall nx pdpe1gb rdtscp lm constant_tsc rep_good nopl xtopology tsc_reliable nonstop_tsc cpuid pni pclmulqdq vmx ssse3 fma cx16 sse4_1 sse4_2 x2apic movbe popcnt tsc_deadline_timer aes xsave avx f16c rdrand hypervisor lahf_lm abm 3dnowprefetch ssbd ibrs ibpb stibp ibrs_enhanced tpr_shadow vnmi ept vpid ept_ad fsgsbase tsc_adjust bmi1 avx2 smep bmi2 erms invpcid rdseed adx smap clflushopt clwb sha_ni xsaveopt xsavec xgetbv1 xsaves avx_vnni umip waitpkg gfni vaes vpclmulqdq rdpid movdiri movdir64b fsrm serialize flush_l1d arch_capabilities

Online cpus: 0-19
Offline cpus: 
BIOS frequency limitation: <Not Available>
Frequency switch latency (ns): <Not Available>
Available cpu frequencies: <Not Available>
Current governor: <Not Available>
Core performance/turbo boost: <Not Available>

Memory: 4k page, physical 7973232k(6746972k free), swap 2097152k(2097152k free)
Page Sizes: 4k

vm_info: OpenJDK 64-Bit Server VM (17.0.9+9-Ubuntu-122.04) for linux-amd64 JRE (17.0.9+9-Ubuntu-122.04), built on Oct 19 2023 08:37:02 by "buildd" with gcc 11.4.0

END.
